{"C:\\Users\\paulo\\Documents\\Desafio Verzel\\web\\src\\App.tsx": {"path":"C:\\Users\\paulo\\Documents\\Desafio Verzel\\web\\src\\App.tsx","statementMap":{"0":{"start":{"line":24,"column":17},"end":{"line":26,"column":null}},"1":{"start":{"line":25,"column":2},"end":{"line":26,"column":null}},"2":{"start":{"line":25,"column":44},"end":{"line":26,"column":null}},"3":{"start":{"line":38,"column":31},"end":{"line":38,"column":39}},"4":{"start":{"line":39,"column":2},"end":{"line":39,"column":null}},"5":{"start":{"line":39,"column":18},"end":{"line":39,"column":null}},"6":{"start":{"line":40,"column":2},"end":{"line":40,"column":null}},"7":{"start":{"line":40,"column":29},"end":{"line":40,"column":null}},"8":{"start":{"line":41,"column":2},"end":{"line":41,"column":null}},"9":{"start":{"line":45,"column":2},"end":{"line":49,"column":null}},"10":{"start":{"line":54,"column":2},"end":{"line":130,"column":null}}},"fnMap":{"0":{"name":"(anonymous_0)","decl":{"start":{"line":24,"column":17},"end":{"line":24,"column":null}},"loc":{"start":{"line":25,"column":2},"end":{"line":26,"column":null}},"line":25},"1":{"name":"(anonymous_1)","decl":{"start":{"line":25,"column":35},"end":{"line":25,"column":42}},"loc":{"start":{"line":25,"column":44},"end":{"line":26,"column":null}},"line":25},"2":{"name":"Raiz","decl":{"start":{"line":37,"column":9},"end":{"line":37,"column":16}},"loc":{"start":{"line":37,"column":16},"end":{"line":42,"column":null}},"line":37},"3":{"name":"NaoEncontrado","decl":{"start":{"line":44,"column":9},"end":{"line":44,"column":25}},"loc":{"start":{"line":44,"column":25},"end":{"line":51,"column":null}},"line":44},"4":{"name":"App","decl":{"start":{"line":53,"column":24},"end":{"line":53,"column":30}},"loc":{"start":{"line":53,"column":30},"end":{"line":132,"column":null}},"line":53}},"branchMap":{"0":{"loc":{"start":{"line":39,"column":2},"end":{"line":39,"column":null}},"type":"if","locations":[{"start":{"line":39,"column":2},"end":{"line":39,"column":null}},{"start":{},"end":{}}],"line":39},"1":{"loc":{"start":{"line":40,"column":2},"end":{"line":40,"column":null}},"type":"if","locations":[{"start":{"line":40,"column":2},"end":{"line":40,"column":null}},{"start":{},"end":{}}],"line":40}},"s":{"0":0,"1":0,"2":0,"3":0,"4":0,"5":0,"6":0,"7":0,"8":0,"9":0,"10":0},"f":{"0":0,"1":0,"2":0,"3":0,"4":0},"b":{"0":[0,0],"1":[0,0]},"meta":{"lastBranch":2,"lastFunction":5,"lastStatement":11,"seen":{"s:24:17:26:Infinity":0,"f:24:17:24:Infinity":0,"s:25:2:26:Infinity":1,"f:25:35:25:42":1,"s:25:44:26:Infinity":2,"f:37:9:37:16":2,"s:38:31:38:39":3,"b:39:2:39:Infinity:undefined:undefined:undefined:undefined":0,"s:39:2:39:Infinity":4,"s:39:18:39:Infinity":5,"b:40:2:40:Infinity:undefined:undefined:undefined:undefined":1,"s:40:2:40:Infinity":6,"s:40:29:40:Infinity":7,"s:41:2:41:Infinity":8,"f:44:9:44:25":3,"s:45:2:49:Infinity":9,"f:53:24:53:30":4,"s:54:2:130:Infinity":10},"fnNames":{}}}
,"C:\\Users\\paulo\\Documents\\Desafio Verzel\\web\\src\\auth\\AuthContext.tsx": {"path":"C:\\Users\\paulo\\Documents\\Desafio Verzel\\web\\src\\auth\\AuthContext.tsx","statementMap":{"0":{"start":{"line":20,"column":20},"end":{"line":20,"column":null}},"1":{"start":{"line":23,"column":26},"end":{"line":23,"column":null}},"2":{"start":{"line":27,"column":38},"end":{"line":27,"column":null}},"3":{"start":{"line":29,"column":2},"end":{"line":39,"column":null}},"4":{"start":{"line":30,"column":18},"end":{"line":30,"column":null}},"5":{"start":{"line":31,"column":4},"end":{"line":34,"column":null}},"6":{"start":{"line":32,"column":6},"end":{"line":32,"column":null}},"7":{"start":{"line":33,"column":6},"end":{"line":33,"column":null}},"8":{"start":{"line":35,"column":4},"end":{"line":38,"column":null}},"9":{"start":{"line":37,"column":19},"end":{"line":37,"column":39}},"10":{"start":{"line":38,"column":21},"end":{"line":38,"column":41}},"11":{"start":{"line":41,"column":21},"end":{"line":46,"column":null}},"12":{"start":{"line":42,"column":21},"end":{"line":42,"column":null}},"13":{"start":{"line":43,"column":4},"end":{"line":43,"column":null}},"14":{"start":{"line":44,"column":4},"end":{"line":44,"column":null}},"15":{"start":{"line":45,"column":4},"end":{"line":45,"column":null}},"16":{"start":{"line":48,"column":16},"end":{"line":60,"column":null}},"17":{"start":{"line":49,"column":11},"end":{"line":58,"column":null}},"18":{"start":{"line":52,"column":34},"end":{"line":52,"column":null}},"19":{"start":{"line":53,"column":28},"end":{"line":53,"column":null}},"20":{"start":{"line":55,"column":8},"end":{"line":55,"column":null}},"21":{"start":{"line":56,"column":8},"end":{"line":56,"column":null}},"22":{"start":{"line":62,"column":2},"end":{"line":62,"column":null}},"23":{"start":{"line":66,"column":14},"end":{"line":66,"column":null}},"24":{"start":{"line":67,"column":2},"end":{"line":67,"column":null}},"25":{"start":{"line":67,"column":12},"end":{"line":67,"column":null}},"26":{"start":{"line":68,"column":2},"end":{"line":68,"column":null}}},"fnMap":{"0":{"name":"AuthProvider","decl":{"start":{"line":22,"column":16},"end":{"line":22,"column":29}},"loc":{"start":{"line":22,"column":68},"end":{"line":63,"column":null}},"line":22},"1":{"name":"(anonymous_1)","decl":{"start":{"line":29,"column":2},"end":{"line":29,"column":18}},"loc":{"start":{"line":29,"column":18},"end":{"line":39,"column":5}},"line":29},"2":{"name":"(anonymous_2)","decl":{"start":{"line":37,"column":7},"end":{"line":37,"column":19}},"loc":{"start":{"line":37,"column":19},"end":{"line":37,"column":39}},"line":37},"3":{"name":"(anonymous_3)","decl":{"start":{"line":38,"column":7},"end":{"line":38,"column":21}},"loc":{"start":{"line":38,"column":21},"end":{"line":38,"column":41}},"line":38},"4":{"name":"(anonymous_4)","decl":{"start":{"line":41,"column":33},"end":{"line":41,"column":40}},"loc":{"start":{"line":41,"column":72},"end":{"line":46,"column":5}},"line":41},"5":{"name":"(anonymous_5)","decl":{"start":{"line":48,"column":16},"end":{"line":48,"column":null}},"loc":{"start":{"line":49,"column":11},"end":{"line":58,"column":null}},"line":49},"6":{"name":"(anonymous_6)","decl":{"start":{"line":52,"column":6},"end":{"line":52,"column":14}},"loc":{"start":{"line":52,"column":34},"end":{"line":52,"column":null}},"line":52},"7":{"name":"(anonymous_7)","decl":{"start":{"line":53,"column":6},"end":{"line":53,"column":18}},"loc":{"start":{"line":53,"column":28},"end":{"line":53,"column":null}},"line":53},"8":{"name":"(anonymous_8)","decl":{"start":{"line":54,"column":6},"end":{"line":54,"column":18}},"loc":{"start":{"line":54,"column":18},"end":{"line":57,"column":null}},"line":54},"9":{"name":"useAuth","decl":{"start":{"line":65,"column":16},"end":{"line":65,"column":44}},"loc":{"start":{"line":65,"column":44},"end":{"line":69,"column":null}},"line":65}},"branchMap":{"0":{"loc":{"start":{"line":31,"column":4},"end":{"line":34,"column":null}},"type":"if","locations":[{"start":{"line":31,"column":4},"end":{"line":34,"column":null}},{"start":{},"end":{}}],"line":31},"1":{"loc":{"start":{"line":67,"column":2},"end":{"line":67,"column":null}},"type":"if","locations":[{"start":{"line":67,"column":2},"end":{"line":67,"column":null}},{"start":{},"end":{}}],"line":67}},"s":{"0":1,"1":13,"2":13,"3":13,"4":7,"5":7,"6":1,"7":1,"8":6,"9":2,"10":6,"11":13,"12":0,"13":0,"14":0,"15":0,"16":13,"17":13,"18":0,"19":0,"20":0,"21":0,"22":13,"23":12,"24":12,"25":0,"26":12},"f":{"0":13,"1":7,"2":2,"3":6,"4":0,"5":13,"6":0,"7":0,"8":0,"9":12},"b":{"0":[1,6],"1":[0,12]},"meta":{"lastBranch":2,"lastFunction":10,"lastStatement":27,"seen":{"s:20:20:20:Infinity":0,"f:22:16:22:29":0,"s:23:26:23:Infinity":1,"s:27:38:27:Infinity":2,"s:29:2:39:Infinity":3,"f:29:2:29:18":1,"s:30:18:30:Infinity":4,"b:31:4:34:Infinity:undefined:undefined:undefined:undefined":0,"s:31:4:34:Infinity":5,"s:32:6:32:Infinity":6,"s:33:6:33:Infinity":7,"s:35:4:38:Infinity":8,"f:37:7:37:19":2,"s:37:19:37:39":9,"f:38:7:38:21":3,"s:38:21:38:41":10,"s:41:21:46:Infinity":11,"f:41:33:41:40":4,"s:42:21:42:Infinity":12,"s:43:4:43:Infinity":13,"s:44:4:44:Infinity":14,"s:45:4:45:Infinity":15,"s:48:16:60:Infinity":16,"f:48:16:48:Infinity":5,"s:49:11:58:Infinity":17,"f:52:6:52:14":6,"s:52:34:52:Infinity":18,"f:53:6:53:18":7,"s:53:28:53:Infinity":19,"f:54:6:54:18":8,"s:55:8:55:Infinity":20,"s:56:8:56:Infinity":21,"s:62:2:62:Infinity":22,"f:65:16:65:44":9,"s:66:14:66:Infinity":23,"b:67:2:67:Infinity:undefined:undefined:undefined:undefined":1,"s:67:2:67:Infinity":24,"s:67:12:67:Infinity":25,"s:68:2:68:Infinity":26},"fnNames":{}}}
,"C:\\Users\\paulo\\Documents\\Desafio Verzel\\web\\src\\auth\\ProtectedRoute.tsx": {"path":"C:\\Users\\paulo\\Documents\\Desafio Verzel\\web\\src\\auth\\ProtectedRoute.tsx","statementMap":{"0":{"start":{"line":27,"column":31},"end":{"line":27,"column":39}},"1":{"start":{"line":28,"column":19},"end":{"line":28,"column":31}},"2":{"start":{"line":30,"column":2},"end":{"line":30,"column":null}},"3":{"start":{"line":30,"column":18},"end":{"line":30,"column":null}},"4":{"start":{"line":32,"column":2},"end":{"line":32,"column":null}},"5":{"start":{"line":32,"column":13},"end":{"line":32,"column":null}},"6":{"start":{"line":34,"column":2},"end":{"line":36,"column":null}},"7":{"start":{"line":35,"column":4},"end":{"line":35,"column":null}},"8":{"start":{"line":38,"column":2},"end":{"line":38,"column":null}}},"fnMap":{"0":{"name":"ProtectedRoute","decl":{"start":{"line":20,"column":16},"end":{"line":20,"column":31}},"loc":{"start":{"line":26,"column":3},"end":{"line":39,"column":null}},"line":26}},"branchMap":{"0":{"loc":{"start":{"line":30,"column":2},"end":{"line":30,"column":null}},"type":"if","locations":[{"start":{"line":30,"column":2},"end":{"line":30,"column":null}},{"start":{},"end":{}}],"line":30},"1":{"loc":{"start":{"line":32,"column":2},"end":{"line":32,"column":null}},"type":"if","locations":[{"start":{"line":32,"column":2},"end":{"line":32,"column":null}},{"start":{},"end":{}}],"line":32},"2":{"loc":{"start":{"line":34,"column":2},"end":{"line":36,"column":null}},"type":"if","locations":[{"start":{"line":34,"column":2},"end":{"line":36,"column":null}},{"start":{},"end":{}}],"line":34}},"s":{"0":12,"1":12,"2":12,"3":6,"4":6,"5":2,"6":4,"7":2,"8":2},"f":{"0":12},"b":{"0":[6,6],"1":[2,4],"2":[2,2]},"meta":{"lastBranch":3,"lastFunction":1,"lastStatement":9,"seen":{"f:20:16:20:31":0,"s:27:31:27:39":0,"s:28:19:28:31":1,"b:30:2:30:Infinity:undefined:undefined:undefined:undefined":0,"s:30:2:30:Infinity":2,"s:30:18:30:Infinity":3,"b:32:2:32:Infinity:undefined:undefined:undefined:undefined":1,"s:32:2:32:Infinity":4,"s:32:13:32:Infinity":5,"b:34:2:36:Infinity:undefined:undefined:undefined:undefined":2,"s:34:2:36:Infinity":6,"s:35:4:35:Infinity":7,"s:38:2:38:Infinity":8},"fnNames":{}}}
,"C:\\Users\\paulo\\Documents\\Desafio Verzel\\web\\src\\auth\\types.ts": {"path":"C:\\Users\\paulo\\Documents\\Desafio Verzel\\web\\src\\auth\\types.ts","statementMap":{"0":{"start":{"line":17,"column":52},"end":{"line":21,"column":null}},"1":{"start":{"line":23,"column":51},"end":{"line":27,"column":null}}},"fnMap":{},"branchMap":{},"s":{"0":1,"1":1},"f":{},"b":{},"meta":{"lastBranch":0,"lastFunction":0,"lastStatement":2,"seen":{"s:17:52:21:Infinity":0,"s:23:51:27:Infinity":1},"fnNames":{}}}
,"C:\\Users\\paulo\\Documents\\Desafio Verzel\\web\\src\\components\\Campo.tsx": {"path":"C:\\Users\\paulo\\Documents\\Desafio Verzel\\web\\src\\components\\Campo.tsx","statementMap":{"0":{"start":{"line":9,"column":18},"end":{"line":9,"column":null}},"1":{"start":{"line":10,"column":17},"end":{"line":10,"column":null}},"2":{"start":{"line":12,"column":2},"end":{"line":29,"column":null}}},"fnMap":{"0":{"name":"Campo","decl":{"start":{"line":8,"column":16},"end":{"line":8,"column":22}},"loc":{"start":{"line":8,"column":60},"end":{"line":31,"column":null}},"line":8}},"branchMap":{"0":{"loc":{"start":{"line":9,"column":18},"end":{"line":9,"column":null}},"type":"binary-expr","locations":[{"start":{"line":9,"column":18},"end":{"line":9,"column":24}},{"start":{"line":9,"column":24},"end":{"line":9,"column":38}},{"start":{"line":9,"column":38},"end":{"line":9,"column":null}}],"line":9},"1":{"loc":{"start":{"line":20,"column":22},"end":{"line":20,"column":null}},"type":"cond-expr","locations":[{"start":{"line":20,"column":29},"end":{"line":20,"column":38}},{"start":{"line":20,"column":38},"end":{"line":20,"column":null}}],"line":20},"2":{"loc":{"start":{"line":21,"column":26},"end":{"line":21,"column":null}},"type":"cond-expr","locations":[{"start":{"line":21,"column":33},"end":{"line":21,"column":42}},{"start":{"line":21,"column":42},"end":{"line":21,"column":null}}],"line":21},"3":{"loc":{"start":{"line":24,"column":7},"end":{"line":27,"column":null}},"type":"binary-expr","locations":[{"start":{"line":24,"column":7},"end":{"line":24,"column":null}},{"start":{"line":25,"column":8},"end":{"line":27,"column":null}}],"line":24}},"s":{"0":0,"1":0,"2":0},"f":{"0":0},"b":{"0":[0,0,0],"1":[0,0],"2":[0,0],"3":[0,0]},"meta":{"lastBranch":4,"lastFunction":1,"lastStatement":3,"seen":{"f:8:16:8:22":0,"s:9:18:9:Infinity":0,"b:9:18:9:24:9:24:9:38:9:38:9:Infinity":0,"s:10:17:10:Infinity":1,"s:12:2:29:Infinity":2,"b:20:29:20:38:20:38:20:Infinity":1,"b:21:33:21:42:21:42:21:Infinity":2,"b:24:7:24:Infinity:25:8:27:Infinity":3},"fnNames":{}}}
,"C:\\Users\\paulo\\Documents\\Desafio Verzel\\web\\src\\components\\Carregando.tsx": {"path":"C:\\Users\\paulo\\Documents\\Desafio Verzel\\web\\src\\components\\Carregando.tsx","statementMap":{"0":{"start":{"line":2,"column":2},"end":{"line":15,"column":null}}},"fnMap":{"0":{"name":"Carregando","decl":{"start":{"line":1,"column":16},"end":{"line":1,"column":27}},"loc":{"start":{"line":1,"column":73},"end":{"line":17,"column":null}},"line":1}},"branchMap":{"0":{"loc":{"start":{"line":1,"column":29},"end":{"line":1,"column":73}},"type":"default-arg","locations":[{"start":{"line":1,"column":37},"end":{"line":1,"column":73}}],"line":1}},"s":{"0":20},"f":{"0":20},"b":{"0":[20]},"meta":{"lastBranch":1,"lastFunction":1,"lastStatement":1,"seen":{"f:1:16:1:27":0,"b:1:37:1:73":0,"s:2:2:15:Infinity":0},"fnNames":{}}}
,"C:\\Users\\paulo\\Documents\\Desafio Verzel\\web\\src\\components\\Ingresso.tsx": {"path":"C:\\Users\\paulo\\Documents\\Desafio Verzel\\web\\src\\components\\Ingresso.tsx","statementMap":{"0":{"start":{"line":22,"column":32},"end":{"line":22,"column":null}},"1":{"start":{"line":23,"column":16},"end":{"line":23,"column":null}},"2":{"start":{"line":24,"column":15},"end":{"line":24,"column":null}},"3":{"start":{"line":26,"column":22},"end":{"line":28,"column":null}},"4":{"start":{"line":31,"column":4},"end":{"line":38,"column":null}},"5":{"start":{"line":32,"column":6},"end":{"line":32,"column":null}},"6":{"start":{"line":33,"column":6},"end":{"line":33,"column":null}},"7":{"start":{"line":34,"column":6},"end":{"line":34,"column":null}},"8":{"start":{"line":34,"column":23},"end":{"line":34,"column":41}},"9":{"start":{"line":41,"column":2},"end":{"line":102,"column":null}},"10":{"start":{"line":80,"column":31},"end":{"line":80,"column":null}},"11":{"start":{"line":89,"column":33},"end":{"line":89,"column":null}}},"fnMap":{"0":{"name":"Ingresso","decl":{"start":{"line":15,"column":16},"end":{"line":15,"column":25}},"loc":{"start":{"line":21,"column":3},"end":{"line":104,"column":null}},"line":21},"1":{"name":"copiar","decl":{"start":{"line":30,"column":17},"end":{"line":30,"column":24}},"loc":{"start":{"line":30,"column":64},"end":{"line":39,"column":null}},"line":30},"2":{"name":"(anonymous_2)","decl":{"start":{"line":34,"column":6},"end":{"line":34,"column":23}},"loc":{"start":{"line":34,"column":23},"end":{"line":34,"column":41}},"line":34},"3":{"name":"(anonymous_3)","decl":{"start":{"line":80,"column":16},"end":{"line":80,"column":31}},"loc":{"start":{"line":80,"column":31},"end":{"line":80,"column":null}},"line":80},"4":{"name":"(anonymous_4)","decl":{"start":{"line":89,"column":18},"end":{"line":89,"column":33}},"loc":{"start":{"line":89,"column":33},"end":{"line":89,"column":null}},"line":89}},"branchMap":{"0":{"loc":{"start":{"line":17,"column":2},"end":{"line":17,"column":null}},"type":"default-arg","locations":[{"start":{"line":17,"column":19},"end":{"line":17,"column":null}}],"line":17},"1":{"loc":{"start":{"line":24,"column":15},"end":{"line":24,"column":null}},"type":"cond-expr","locations":[{"start":{"line":24,"column":36},"end":{"line":24,"column":66}},{"start":{"line":24,"column":66},"end":{"line":24,"column":null}}],"line":24},"2":{"loc":{"start":{"line":26,"column":22},"end":{"line":28,"column":null}},"type":"cond-expr","locations":[{"start":{"line":27,"column":6},"end":{"line":27,"column":null}},{"start":{"line":28,"column":6},"end":{"line":28,"column":null}}],"line":26},"3":{"loc":{"start":{"line":42,"column":24},"end":{"line":42,"column":null}},"type":"cond-expr","locations":[{"start":{"line":42,"column":32},"end":{"line":42,"column":61}},{"start":{"line":42,"column":61},"end":{"line":42,"column":null}}],"line":42},"4":{"loc":{"start":{"line":44,"column":9},"end":{"line":48,"column":9}},"type":"binary-expr","locations":[{"start":{"line":44,"column":9},"end":{"line":44,"column":null}},{"start":{"line":45,"column":10},"end":{"line":48,"column":9}}],"line":44},"5":{"loc":{"start":{"line":53,"column":13},"end":{"line":53,"column":null}},"type":"binary-expr","locations":[{"start":{"line":53,"column":13},"end":{"line":53,"column":39}},{"start":{"line":53,"column":39},"end":{"line":53,"column":null}}],"line":53},"6":{"loc":{"start":{"line":59,"column":13},"end":{"line":59,"column":null}},"type":"binary-expr","locations":[{"start":{"line":59,"column":13},"end":{"line":59,"column":21}},{"start":{"line":59,"column":21},"end":{"line":59,"column":null}}],"line":59},"7":{"loc":{"start":{"line":62,"column":11},"end":{"line":65,"column":null}},"type":"binary-expr","locations":[{"start":{"line":62,"column":11},"end":{"line":62,"column":null}},{"start":{"line":63,"column":12},"end":{"line":65,"column":null}}],"line":62},"8":{"loc":{"start":{"line":64,"column":24},"end":{"line":64,"column":null}},"type":"binary-expr","locations":[{"start":{"line":64,"column":24},"end":{"line":64,"column":44}},{"start":{"line":64,"column":44},"end":{"line":64,"column":null}}],"line":64},"9":{"loc":{"start":{"line":71,"column":9},"end":{"line":99,"column":null}},"type":"cond-expr","locations":[{"start":{"line":72,"column":10},"end":{"line":97,"column":11}},{"start":{"line":97,"column":10},"end":{"line":99,"column":null}}],"line":71},"10":{"loc":{"start":{"line":82,"column":17},"end":{"line":82,"column":null}},"type":"cond-expr","locations":[{"start":{"line":82,"column":40},"end":{"line":82,"column":52}},{"start":{"line":82,"column":52},"end":{"line":82,"column":null}}],"line":82},"11":{"loc":{"start":{"line":85,"column":15},"end":{"line":94,"column":null}},"type":"binary-expr","locations":[{"start":{"line":85,"column":15},"end":{"line":85,"column":33}},{"start":{"line":85,"column":33},"end":{"line":85,"column":null}},{"start":{"line":86,"column":16},"end":{"line":94,"column":null}}],"line":85},"12":{"loc":{"start":{"line":91,"column":19},"end":{"line":91,"column":null}},"type":"cond-expr","locations":[{"start":{"line":91,"column":40},"end":{"line":91,"column":52}},{"start":{"line":91,"column":52},"end":{"line":91,"column":null}}],"line":91}},"s":{"0":11,"1":11,"2":11,"3":11,"4":3,"5":3,"6":2,"7":2,"8":0,"9":11,"10":2,"11":1},"f":{"0":11,"1":3,"2":0,"3":2,"4":1},"b":{"0":[11],"1":[1,10],"2":[10,1],"3":[1,10],"4":[11,0],"5":[11,11],"6":[11,1],"7":[11,1],"8":[1,1],"9":[10,1],"10":[1,9],"11":[10,9,9],"12":[1,8]},"meta":{"lastBranch":13,"lastFunction":5,"lastStatement":12,"seen":{"f:15:16:15:25":0,"b:17:19:17:Infinity":0,"s:22:32:22:Infinity":0,"s:23:16:23:Infinity":1,"s:24:15:24:Infinity":2,"b:24:36:24:66:24:66:24:Infinity":1,"s:26:22:28:Infinity":3,"b:27:6:27:Infinity:28:6:28:Infinity":2,"f:30:17:30:24":1,"s:31:4:38:Infinity":4,"s:32:6:32:Infinity":5,"s:33:6:33:Infinity":6,"s:34:6:34:Infinity":7,"f:34:6:34:23":2,"s:34:23:34:41":8,"s:41:2:102:Infinity":9,"b:42:32:42:61:42:61:42:Infinity":3,"b:44:9:44:Infinity:45:10:48:9":4,"b:53:13:53:39:53:39:53:Infinity":5,"b:59:13:59:21:59:21:59:Infinity":6,"b:62:11:62:Infinity:63:12:65:Infinity":7,"b:64:24:64:44:64:44:64:Infinity":8,"b:72:10:97:11:97:10:99:Infinity":9,"f:80:16:80:31":3,"s:80:31:80:Infinity":10,"b:82:40:82:52:82:52:82:Infinity":10,"b:85:15:85:33:85:33:85:Infinity:86:16:94:Infinity":11,"f:89:18:89:33":4,"s:89:33:89:Infinity":11,"b:91:40:91:52:91:52:91:Infinity":12},"fnNames":{}}}
,"C:\\Users\\paulo\\Documents\\Desafio Verzel\\web\\src\\components\\Layout.tsx": {"path":"C:\\Users\\paulo\\Documents\\Desafio Verzel\\web\\src\\components\\Layout.tsx","statementMap":{"0":{"start":{"line":9,"column":63},"end":{"line":20,"column":null}},"1":{"start":{"line":23,"column":25},"end":{"line":23,"column":33}},"2":{"start":{"line":24,"column":16},"end":{"line":29,"column":null}},"3":{"start":{"line":31,"column":2},"end":{"line":85,"column":null}},"4":{"start":{"line":42,"column":16},"end":{"line":49,"column":null}},"5":{"start":{"line":45,"column":48},"end":{"line":45,"column":null}}},"fnMap":{"0":{"name":"Layout","decl":{"start":{"line":22,"column":16},"end":{"line":22,"column":25}},"loc":{"start":{"line":22,"column":25},"end":{"line":87,"column":null}},"line":22},"1":{"name":"(anonymous_1)","decl":{"start":{"line":41,"column":21},"end":{"line":41,"column":26}},"loc":{"start":{"line":42,"column":16},"end":{"line":49,"column":null}},"line":42},"2":{"name":"(anonymous_2)","decl":{"start":{"line":45,"column":18},"end":{"line":45,"column":30}},"loc":{"start":{"line":45,"column":48},"end":{"line":45,"column":null}},"line":45}},"branchMap":{"0":{"loc":{"start":{"line":24,"column":16},"end":{"line":29,"column":null}},"type":"cond-expr","locations":[{"start":{"line":25,"column":6},"end":{"line":25,"column":null}},{"start":{"line":26,"column":6},"end":{"line":29,"column":null}}],"line":24},"1":{"loc":{"start":{"line":45,"column":48},"end":{"line":45,"column":null}},"type":"cond-expr","locations":[{"start":{"line":45,"column":59},"end":{"line":45,"column":92}},{"start":{"line":45,"column":92},"end":{"line":45,"column":null}}],"line":45},"2":{"loc":{"start":{"line":46,"column":23},"end":{"line":46,"column":null}},"type":"binary-expr","locations":[{"start":{"line":46,"column":23},"end":{"line":46,"column":52}},{"start":{"line":46,"column":52},"end":{"line":46,"column":null}}],"line":46},"3":{"loc":{"start":{"line":54,"column":11},"end":{"line":73,"column":null}},"type":"cond-expr","locations":[{"start":{"line":55,"column":12},"end":{"line":61,"column":null}},{"start":{"line":64,"column":12},"end":{"line":73,"column":null}}],"line":54}},"s":{"0":0,"1":0,"2":0,"3":0,"4":0,"5":0},"f":{"0":0,"1":0,"2":0},"b":{"0":[0,0],"1":[0,0],"2":[0,0],"3":[0,0]},"meta":{"lastBranch":4,"lastFunction":3,"lastStatement":6,"seen":{"s:9:63:20:Infinity":0,"f:22:16:22:25":0,"s:23:25:23:33":1,"s:24:16:29:Infinity":2,"b:25:6:25:Infinity:26:6:29:Infinity":0,"s:31:2:85:Infinity":3,"f:41:21:41:26":1,"s:42:16:49:Infinity":4,"f:45:18:45:30":2,"s:45:48:45:Infinity":5,"b:45:59:45:92:45:92:45:Infinity":1,"b:46:23:46:52:46:52:46:Infinity":2,"b:55:12:61:Infinity:64:12:73:Infinity":3},"fnNames":{}}}
,"C:\\Users\\paulo\\Documents\\Desafio Verzel\\web\\src\\components\\MapaDeAssentos.tsx": {"path":"C:\\Users\\paulo\\Documents\\Desafio Verzel\\web\\src\\components\\MapaDeAssentos.tsx","statementMap":{"0":{"start":{"line":14,"column":2},"end":{"line":18,"column":null}},"1":{"start":{"line":50,"column":8},"end":{"line":51,"column":null}},"2":{"start":{"line":51,"column":4},"end":{"line":51,"column":null}},"3":{"start":{"line":51,"column":27},"end":{"line":51,"column":68}},"4":{"start":{"line":53,"column":16},"end":{"line":53,"column":null}},"5":{"start":{"line":57,"column":26},"end":{"line":57,"column":null}},"6":{"start":{"line":57,"column":54},"end":{"line":57,"column":87}},"7":{"start":{"line":59,"column":2},"end":{"line":143,"column":null}},"8":{"start":{"line":65,"column":8},"end":{"line":135,"column":null}},"9":{"start":{"line":75,"column":16},"end":{"line":132,"column":null}},"10":{"start":{"line":84,"column":20},"end":{"line":126,"column":null}},"11":{"start":{"line":86,"column":40},"end":{"line":86,"column":null}},"12":{"start":{"line":87,"column":42},"end":{"line":87,"column":null}},"13":{"start":{"line":88,"column":37},"end":{"line":88,"column":null}},"14":{"start":{"line":90,"column":24},"end":{"line":123,"column":null}},"15":{"start":{"line":110,"column":43},"end":{"line":110,"column":null}},"16":{"start":{"line":148,"column":15},"end":{"line":148,"column":null}},"17":{"start":{"line":149,"column":2},"end":{"line":153,"column":null}},"18":{"start":{"line":150,"column":20},"end":{"line":150,"column":null}},"19":{"start":{"line":151,"column":4},"end":{"line":151,"column":null}},"20":{"start":{"line":151,"column":28},"end":{"line":151,"column":null}},"21":{"start":{"line":152,"column":4},"end":{"line":152,"column":null}},"22":{"start":{"line":154,"column":2},"end":{"line":154,"column":null}},"23":{"start":{"line":165,"column":17},"end":{"line":167,"column":null}},"24":{"start":{"line":166,"column":19},"end":{"line":166,"column":47}},"25":{"start":{"line":167,"column":20},"end":{"line":167,"column":25}},"26":{"start":{"line":169,"column":2},"end":{"line":169,"column":null}},"27":{"start":{"line":169,"column":27},"end":{"line":169,"column":null}},"28":{"start":{"line":171,"column":27},"end":{"line":171,"column":null}},"29":{"start":{"line":172,"column":15},"end":{"line":172,"column":null}},"30":{"start":{"line":173,"column":2},"end":{"line":176,"column":null}},"31":{"start":{"line":174,"column":4},"end":{"line":174,"column":null}},"32":{"start":{"line":175,"column":4},"end":{"line":175,"column":null}},"33":{"start":{"line":177,"column":2},"end":{"line":177,"column":null}},"34":{"start":{"line":178,"column":2},"end":{"line":178,"column":null}},"35":{"start":{"line":178,"column":30},"end":{"line":178,"column":42}},"36":{"start":{"line":182,"column":2},"end":{"line":206,"column":null}},"37":{"start":{"line":199,"column":8},"end":{"line":204,"column":null}}},"fnMap":{"0":{"name":"Ocupante","decl":{"start":{"line":13,"column":9},"end":{"line":13,"column":20}},"loc":{"start":{"line":13,"column":20},"end":{"line":20,"column":null}},"line":13},"1":{"name":"MapaDeAssentos","decl":{"start":{"line":39,"column":16},"end":{"line":39,"column":31}},"loc":{"start":{"line":49,"column":3},"end":{"line":145,"column":null}},"line":49},"2":{"name":"(anonymous_2)","decl":{"start":{"line":50,"column":8},"end":{"line":50,"column":23}},"loc":{"start":{"line":51,"column":4},"end":{"line":51,"column":null}},"line":51},"3":{"name":"(anonymous_3)","decl":{"start":{"line":51,"column":15},"end":{"line":51,"column":21}},"loc":{"start":{"line":51,"column":27},"end":{"line":51,"column":68}},"line":51},"4":{"name":"(anonymous_4)","decl":{"start":{"line":57,"column":39},"end":{"line":57,"column":45}},"loc":{"start":{"line":57,"column":54},"end":{"line":57,"column":87}},"line":57},"5":{"name":"(anonymous_5)","decl":{"start":{"line":64,"column":23},"end":{"line":64,"column":28}},"loc":{"start":{"line":65,"column":8},"end":{"line":135,"column":null}},"line":65},"6":{"name":"(anonymous_6)","decl":{"start":{"line":74,"column":15},"end":{"line":74,"column":20}},"loc":{"start":{"line":75,"column":16},"end":{"line":132,"column":null}},"line":75},"7":{"name":"(anonymous_7)","decl":{"start":{"line":83,"column":52},"end":{"line":83,"column":57}},"loc":{"start":{"line":84,"column":20},"end":{"line":126,"column":null}},"line":84},"8":{"name":"(anonymous_8)","decl":{"start":{"line":85,"column":29},"end":{"line":85,"column":34}},"loc":{"start":{"line":85,"column":46},"end":{"line":125,"column":23}},"line":85},"9":{"name":"(anonymous_9)","decl":{"start":{"line":110,"column":28},"end":{"line":110,"column":43}},"loc":{"start":{"line":110,"column":43},"end":{"line":110,"column":null}},"line":110},"10":{"name":"agrupaPorFileira","decl":{"start":{"line":147,"column":9},"end":{"line":147,"column":26}},"loc":{"start":{"line":147,"column":64},"end":{"line":155,"column":null}},"line":147},"11":{"name":"emBlocos","decl":{"start":{"line":164,"column":9},"end":{"line":164,"column":18}},"loc":{"start":{"line":164,"column":64},"end":{"line":179,"column":null}},"line":164},"12":{"name":"(anonymous_12)","decl":{"start":{"line":166,"column":5},"end":{"line":166,"column":13}},"loc":{"start":{"line":166,"column":19},"end":{"line":166,"column":47}},"line":166},"13":{"name":"(anonymous_13)","decl":{"start":{"line":167,"column":5},"end":{"line":167,"column":11}},"loc":{"start":{"line":167,"column":20},"end":{"line":167,"column":25}},"line":167},"14":{"name":"(anonymous_14)","decl":{"start":{"line":178,"column":16},"end":{"line":178,"column":24}},"loc":{"start":{"line":178,"column":30},"end":{"line":178,"column":42}},"line":178},"15":{"name":"Legenda","decl":{"start":{"line":181,"column":9},"end":{"line":181,"column":19}},"loc":{"start":{"line":181,"column":19},"end":{"line":208,"column":null}},"line":181},"16":{"name":"(anonymous_16)","decl":{"start":{"line":198,"column":31},"end":{"line":198,"column":36}},"loc":{"start":{"line":199,"column":8},"end":{"line":204,"column":null}},"line":199}},"branchMap":{"0":{"loc":{"start":{"line":51,"column":27},"end":{"line":51,"column":68}},"type":"binary-expr","locations":[{"start":{"line":51,"column":27},"end":{"line":51,"column":53}},{"start":{"line":51,"column":53},"end":{"line":51,"column":68}}],"line":51},"1":{"loc":{"start":{"line":87,"column":42},"end":{"line":87,"column":null}},"type":"binary-expr","locations":[{"start":{"line":87,"column":42},"end":{"line":87,"column":60}},{"start":{"line":87,"column":60},"end":{"line":87,"column":69}},{"start":{"line":87,"column":69},"end":{"line":87,"column":null}}],"line":87},"2":{"loc":{"start":{"line":88,"column":37},"end":{"line":88,"column":null}},"type":"cond-expr","locations":[{"start":{"line":88,"column":52},"end":{"line":88,"column":76}},{"start":{"line":88,"column":76},"end":{"line":88,"column":null}}],"line":88},"3":{"loc":{"start":{"line":96,"column":30},"end":{"line":96,"column":null}},"type":"binary-expr","locations":[{"start":{"line":96,"column":30},"end":{"line":96,"column":47}},{"start":{"line":96,"column":47},"end":{"line":96,"column":null}}],"line":96},"4":{"loc":{"start":{"line":97,"column":30},"end":{"line":97,"column":null}},"type":"binary-expr","locations":[{"start":{"line":97,"column":30},"end":{"line":97,"column":41}},{"start":{"line":97,"column":41},"end":{"line":97,"column":null}}],"line":97},"5":{"loc":{"start":{"line":98,"column":30},"end":{"line":98,"column":null}},"type":"binary-expr","locations":[{"start":{"line":98,"column":30},"end":{"line":98,"column":46}},{"start":{"line":98,"column":46},"end":{"line":98,"column":null}}],"line":98},"6":{"loc":{"start":{"line":106,"column":31},"end":{"line":106,"column":null}},"type":"cond-expr","locations":[{"start":{"line":106,"column":38},"end":{"line":106,"column":59}},{"start":{"line":106,"column":59},"end":{"line":106,"column":null}}],"line":106},"7":{"loc":{"start":{"line":107,"column":31},"end":{"line":107,"column":null}},"type":"cond-expr","locations":[{"start":{"line":107,"column":47},"end":{"line":107,"column":61}},{"start":{"line":107,"column":61},"end":{"line":107,"column":null}}],"line":107},"8":{"loc":{"start":{"line":116,"column":29},"end":{"line":121,"column":null}},"type":"cond-expr","locations":[{"start":{"line":117,"column":30},"end":{"line":118,"column":null}},{"start":{"line":118,"column":32},"end":{"line":121,"column":null}}],"line":116},"9":{"loc":{"start":{"line":118,"column":32},"end":{"line":121,"column":null}},"type":"cond-expr","locations":[{"start":{"line":119,"column":30},"end":{"line":119,"column":null}},{"start":{"line":121,"column":30},"end":{"line":121,"column":null}}],"line":118},"10":{"loc":{"start":{"line":151,"column":4},"end":{"line":151,"column":null}},"type":"if","locations":[{"start":{"line":151,"column":4},"end":{"line":151,"column":null}},{"start":{},"end":{}}],"line":151},"11":{"loc":{"start":{"line":165,"column":29},"end":{"line":165,"column":41}},"type":"binary-expr","locations":[{"start":{"line":165,"column":29},"end":{"line":165,"column":39}},{"start":{"line":165,"column":39},"end":{"line":165,"column":41}}],"line":165},"12":{"loc":{"start":{"line":166,"column":19},"end":{"line":166,"column":47}},"type":"binary-expr","locations":[{"start":{"line":166,"column":19},"end":{"line":166,"column":28}},{"start":{"line":166,"column":28},"end":{"line":166,"column":47}}],"line":166},"13":{"loc":{"start":{"line":169,"column":2},"end":{"line":169,"column":null}},"type":"if","locations":[{"start":{"line":169,"column":2},"end":{"line":169,"column":null}},{"start":{},"end":{}}],"line":169}},"s":{"0":25,"1":22,"2":544,"3":100,"4":22,"5":22,"6":3,"7":22,"8":25,"9":47,"10":127,"11":544,"12":544,"13":544,"14":544,"15":2,"16":25,"17":25,"18":544,"19":544,"20":47,"21":544,"22":25,"23":47,"24":86,"25":40,"26":47,"27":7,"28":40,"29":40,"30":40,"31":80,"32":80,"33":40,"34":40,"35":120,"36":22,"37":88},"f":{"0":25,"1":22,"2":544,"3":100,"4":3,"5":25,"6":47,"7":127,"8":544,"9":2,"10":25,"11":47,"12":86,"13":40,"14":120,"15":22,"16":88},"b":{"0":[100,76],"1":[544,541,48],"2":[6,538],"3":[544,3],"4":[544,4],"5":[544,6],"6":[6,538],"7":[3,541],"8":[3,541],"9":[5,536],"10":[47,497],"11":[47,0],"12":[86,84],"13":[7,40]},"meta":{"lastBranch":14,"lastFunction":17,"lastStatement":38,"seen":{"f:13:9:13:20":0,"s:14:2:18:Infinity":0,"f:39:16:39:31":1,"s:50:8:51:Infinity":1,"f:50:8:50:23":2,"s:51:4:51:Infinity":2,"f:51:15:51:21":3,"s:51:27:51:68":3,"b:51:27:51:53:51:53:51:68":0,"s:53:16:53:Infinity":4,"s:57:26:57:Infinity":5,"f:57:39:57:45":4,"s:57:54:57:87":6,"s:59:2:143:Infinity":7,"f:64:23:64:28":5,"s:65:8:135:Infinity":8,"f:74:15:74:20":6,"s:75:16:132:Infinity":9,"f:83:52:83:57":7,"s:84:20:126:Infinity":10,"f:85:29:85:34":8,"s:86:40:86:Infinity":11,"s:87:42:87:Infinity":12,"b:87:42:87:60:87:60:87:69:87:69:87:Infinity":1,"s:88:37:88:Infinity":13,"b:88:52:88:76:88:76:88:Infinity":2,"s:90:24:123:Infinity":14,"b:96:30:96:47:96:47:96:Infinity":3,"b:97:30:97:41:97:41:97:Infinity":4,"b:98:30:98:46:98:46:98:Infinity":5,"b:106:38:106:59:106:59:106:Infinity":6,"b:107:47:107:61:107:61:107:Infinity":7,"f:110:28:110:43":9,"s:110:43:110:Infinity":15,"b:117:30:118:Infinity:118:32:121:Infinity":8,"b:119:30:119:Infinity:121:30:121:Infinity":9,"f:147:9:147:26":10,"s:148:15:148:Infinity":16,"s:149:2:153:Infinity":17,"s:150:20:150:Infinity":18,"b:151:4:151:Infinity:undefined:undefined:undefined:undefined":10,"s:151:4:151:Infinity":19,"s:151:28:151:Infinity":20,"s:152:4:152:Infinity":21,"s:154:2:154:Infinity":22,"f:164:9:164:18":11,"s:165:17:167:Infinity":23,"b:165:29:165:39:165:39:165:41":11,"f:166:5:166:13":12,"s:166:19:166:47":24,"b:166:19:166:28:166:28:166:47":12,"f:167:5:167:11":13,"s:167:20:167:25":25,"b:169:2:169:Infinity:undefined:undefined:undefined:undefined":13,"s:169:2:169:Infinity":26,"s:169:27:169:Infinity":27,"s:171:27:171:Infinity":28,"s:172:15:172:Infinity":29,"s:173:2:176:Infinity":30,"s:174:4:174:Infinity":31,"s:175:4:175:Infinity":32,"s:177:2:177:Infinity":33,"s:178:2:178:Infinity":34,"f:178:16:178:24":14,"s:178:30:178:42":35,"f:181:9:181:19":15,"s:182:2:206:Infinity":36,"f:198:31:198:36":16,"s:199:8:204:Infinity":37},"fnNames":{}}}
,"C:\\Users\\paulo\\Documents\\Desafio Verzel\\web\\src\\components\\Marca.tsx": {"path":"C:\\Users\\paulo\\Documents\\Desafio Verzel\\web\\src\\components\\Marca.tsx","statementMap":{"0":{"start":{"line":6,"column":2},"end":{"line":25,"column":null}}},"fnMap":{"0":{"name":"Marca","decl":{"start":{"line":5,"column":16},"end":{"line":5,"column":22}},"loc":{"start":{"line":5,"column":62},"end":{"line":27,"column":null}},"line":5}},"branchMap":{"0":{"loc":{"start":{"line":5,"column":24},"end":{"line":5,"column":62}},"type":"default-arg","locations":[{"start":{"line":5,"column":34},"end":{"line":5,"column":62}}],"line":5}},"s":{"0":0},"f":{"0":0},"b":{"0":[0]},"meta":{"lastBranch":1,"lastFunction":1,"lastStatement":1,"seen":{"f:5:16:5:22":0,"b:5:34:5:62":0,"s:6:2:25:Infinity":0},"fnNames":{}}}
,"C:\\Users\\paulo\\Documents\\Desafio Verzel\\web\\src\\components\\QRCode.tsx": {"path":"C:\\Users\\paulo\\Documents\\Desafio Verzel\\web\\src\\components\\QRCode.tsx","statementMap":{"0":{"start":{"line":16,"column":32},"end":{"line":16,"column":null}},"1":{"start":{"line":17,"column":26},"end":{"line":17,"column":null}},"2":{"start":{"line":19,"column":2},"end":{"line":32,"column":null}},"3":{"start":{"line":20,"column":16},"end":{"line":20,"column":null}},"4":{"start":{"line":21,"column":4},"end":{"line":28,"column":null}},"5":{"start":{"line":27,"column":21},"end":{"line":27,"column":45}},"6":{"start":{"line":28,"column":19},"end":{"line":28,"column":41}},"7":{"start":{"line":29,"column":4},"end":{"line":31,"column":null}},"8":{"start":{"line":30,"column":6},"end":{"line":30,"column":null}},"9":{"start":{"line":34,"column":2},"end":{"line":40,"column":null}},"10":{"start":{"line":35,"column":4},"end":{"line":38,"column":null}},"11":{"start":{"line":42,"column":2},"end":{"line":45,"column":null}}},"fnMap":{"0":{"name":"QRCode","decl":{"start":{"line":15,"column":16},"end":{"line":15,"column":23}},"loc":{"start":{"line":15,"column":86},"end":{"line":47,"column":null}},"line":15},"1":{"name":"(anonymous_1)","decl":{"start":{"line":19,"column":2},"end":{"line":19,"column":18}},"loc":{"start":{"line":19,"column":18},"end":{"line":32,"column":5}},"line":19},"2":{"name":"(anonymous_2)","decl":{"start":{"line":27,"column":7},"end":{"line":27,"column":13}},"loc":{"start":{"line":27,"column":21},"end":{"line":27,"column":45}},"line":27},"3":{"name":"(anonymous_3)","decl":{"start":{"line":28,"column":7},"end":{"line":28,"column":19}},"loc":{"start":{"line":28,"column":19},"end":{"line":28,"column":41}},"line":28},"4":{"name":"(anonymous_4)","decl":{"start":{"line":29,"column":4},"end":{"line":29,"column":17}},"loc":{"start":{"line":29,"column":17},"end":{"line":31,"column":null}},"line":29}},"branchMap":{"0":{"loc":{"start":{"line":15,"column":32},"end":{"line":15,"column":86}},"type":"default-arg","locations":[{"start":{"line":15,"column":42},"end":{"line":15,"column":86}}],"line":15},"1":{"loc":{"start":{"line":27,"column":21},"end":{"line":27,"column":45}},"type":"binary-expr","locations":[{"start":{"line":27,"column":21},"end":{"line":27,"column":30}},{"start":{"line":27,"column":30},"end":{"line":27,"column":45}}],"line":27},"2":{"loc":{"start":{"line":28,"column":19},"end":{"line":28,"column":41}},"type":"binary-expr","locations":[{"start":{"line":28,"column":19},"end":{"line":28,"column":28}},{"start":{"line":28,"column":28},"end":{"line":28,"column":41}}],"line":28},"3":{"loc":{"start":{"line":34,"column":2},"end":{"line":40,"column":null}},"type":"if","locations":[{"start":{"line":34,"column":2},"end":{"line":40,"column":null}},{"start":{},"end":{}}],"line":34},"4":{"loc":{"start":{"line":44,"column":7},"end":{"line":44,"column":null}},"type":"binary-expr","locations":[{"start":{"line":44,"column":7},"end":{"line":44,"column":18}},{"start":{"line":44,"column":18},"end":{"line":44,"column":null}}],"line":44}},"s":{"0":14,"1":14,"2":14,"3":8,"4":8,"5":8,"6":0,"7":8,"8":8,"9":14,"10":0,"11":14},"f":{"0":14,"1":8,"2":8,"3":0,"4":8},"b":{"0":[14],"1":[8,4],"2":[0,0],"3":[0,14],"4":[14,6]},"meta":{"lastBranch":5,"lastFunction":5,"lastStatement":12,"seen":{"f:15:16:15:23":0,"b:15:42:15:86":0,"s:16:32:16:Infinity":0,"s:17:26:17:Infinity":1,"s:19:2:32:Infinity":2,"f:19:2:19:18":1,"s:20:16:20:Infinity":3,"s:21:4:28:Infinity":4,"f:27:7:27:13":2,"s:27:21:27:45":5,"b:27:21:27:30:27:30:27:45":1,"f:28:7:28:19":3,"s:28:19:28:41":6,"b:28:19:28:28:28:28:28:41":2,"s:29:4:31:Infinity":7,"f:29:4:29:17":4,"s:30:6:30:Infinity":8,"b:34:2:40:Infinity:undefined:undefined:undefined:undefined":3,"s:34:2:40:Infinity":9,"s:35:4:38:Infinity":10,"s:42:2:45:Infinity":11,"b:44:7:44:18:44:18:44:Infinity":4},"fnNames":{}}}
,"C:\\Users\\paulo\\Documents\\Desafio Verzel\\web\\src\\components\\Selos.tsx": {"path":"C:\\Users\\paulo\\Documents\\Desafio Verzel\\web\\src\\components\\Selos.tsx","statementMap":{"0":{"start":{"line":16,"column":15},"end":{"line":16,"column":null}},"1":{"start":{"line":18,"column":2},"end":{"line":26,"column":null}},"2":{"start":{"line":40,"column":2},"end":{"line":44,"column":null}}},"fnMap":{"0":{"name":"Classificacao","decl":{"start":{"line":12,"column":16},"end":{"line":12,"column":30}},"loc":{"start":{"line":15,"column":3},"end":{"line":28,"column":null}},"line":15},"1":{"name":"SelosDaSessao","decl":{"start":{"line":31,"column":16},"end":{"line":31,"column":30}},"loc":{"start":{"line":39,"column":3},"end":{"line":46,"column":null}},"line":39}},"branchMap":{"0":{"loc":{"start":{"line":12,"column":39},"end":{"line":12,"column":null}},"type":"default-arg","locations":[{"start":{"line":12,"column":49},"end":{"line":12,"column":null}}],"line":12},"1":{"loc":{"start":{"line":20,"column":17},"end":{"line":20,"column":null}},"type":"cond-expr","locations":[{"start":{"line":20,"column":38},"end":{"line":20,"column":66}},{"start":{"line":20,"column":66},"end":{"line":20,"column":null}}],"line":20},"2":{"loc":{"start":{"line":34,"column":2},"end":{"line":34,"column":null}},"type":"default-arg","locations":[{"start":{"line":34,"column":14},"end":{"line":34,"column":null}}],"line":34}},"s":{"0":20,"1":20,"2":20},"f":{"0":20,"1":20},"b":{"0":[20],"1":[20,0],"2":[20]},"meta":{"lastBranch":3,"lastFunction":2,"lastStatement":3,"seen":{"f:12:16:12:30":0,"b:12:49:12:Infinity":0,"s:16:15:16:Infinity":0,"s:18:2:26:Infinity":1,"b:20:38:20:66:20:66:20:Infinity":1,"f:31:16:31:30":1,"b:34:14:34:Infinity":2,"s:40:2:44:Infinity":2},"fnNames":{}}}
,"C:\\Users\\paulo\\Documents\\Desafio Verzel\\web\\src\\lib\\api.ts": {"path":"C:\\Users\\paulo\\Documents\\Desafio Verzel\\web\\src\\lib\\api.ts","statementMap":{"0":{"start":{"line":7,"column":13},"end":{"line":7,"column":null}},"1":{"start":{"line":8,"column":18},"end":{"line":8,"column":null}},"2":{"start":{"line":10,"column":28},"end":{"line":14,"column":null}},"3":{"start":{"line":11,"column":13},"end":{"line":11,"column":null}},"4":{"start":{"line":12,"column":22},"end":{"line":12,"column":null}},"5":{"start":{"line":13,"column":15},"end":{"line":13,"column":null}},"6":{"start":{"line":22,"column":4},"end":{"line":22,"column":null}},"7":{"start":{"line":23,"column":4},"end":{"line":23,"column":null}},"8":{"start":{"line":24,"column":4},"end":{"line":24,"column":null}},"9":{"start":{"line":31,"column":48},"end":{"line":31,"column":null}},"10":{"start":{"line":33,"column":42},"end":{"line":33,"column":null}},"11":{"start":{"line":34,"column":2},"end":{"line":34,"column":null}},"12":{"start":{"line":34,"column":26},"end":{"line":34,"column":null}},"13":{"start":{"line":36,"column":16},"end":{"line":36,"column":null}},"14":{"start":{"line":37,"column":2},"end":{"line":37,"column":null}},"15":{"start":{"line":37,"column":21},"end":{"line":37,"column":null}},"16":{"start":{"line":40,"column":2},"end":{"line":50,"column":null}},"17":{"start":{"line":41,"column":4},"end":{"line":45,"column":null}},"18":{"start":{"line":49,"column":4},"end":{"line":49,"column":null}},"19":{"start":{"line":52,"column":2},"end":{"line":52,"column":null}},"20":{"start":{"line":52,"column":31},"end":{"line":52,"column":null}},"21":{"start":{"line":54,"column":15},"end":{"line":54,"column":null}},"22":{"start":{"line":54,"column":49},"end":{"line":54,"column":53}},"23":{"start":{"line":56,"column":2},"end":{"line":58,"column":null}},"24":{"start":{"line":57,"column":4},"end":{"line":57,"column":null}},"25":{"start":{"line":59,"column":2},"end":{"line":59,"column":null}},"26":{"start":{"line":65,"column":18},"end":{"line":65,"column":null}},"27":{"start":{"line":67,"column":2},"end":{"line":67,"column":null}},"28":{"start":{"line":67,"column":34},"end":{"line":67,"column":null}},"29":{"start":{"line":69,"column":2},"end":{"line":72,"column":null}},"30":{"start":{"line":70,"column":21},"end":{"line":70,"column":null}},"31":{"start":{"line":71,"column":4},"end":{"line":71,"column":null}},"32":{"start":{"line":71,"column":23},"end":{"line":71,"column":null}},"33":{"start":{"line":74,"column":2},"end":{"line":74,"column":null}},"34":{"start":{"line":74,"column":21},"end":{"line":74,"column":null}},"35":{"start":{"line":75,"column":2},"end":{"line":75,"column":null}}},"fnMap":{"0":{"name":"(anonymous_0)","decl":{"start":{"line":11,"column":2},"end":{"line":11,"column":13}},"loc":{"start":{"line":11,"column":13},"end":{"line":11,"column":null}},"line":11},"1":{"name":"(anonymous_1)","decl":{"start":{"line":12,"column":2},"end":{"line":12,"column":8}},"loc":{"start":{"line":12,"column":22},"end":{"line":12,"column":null}},"line":12},"2":{"name":"(anonymous_2)","decl":{"start":{"line":13,"column":2},"end":{"line":13,"column":15}},"loc":{"start":{"line":13,"column":15},"end":{"line":13,"column":null}},"line":13},"3":{"name":"constructor","decl":{"start":{"line":21,"column":2},"end":{"line":21,"column":14}},"loc":{"start":{"line":21,"column":47},"end":{"line":25,"column":null}},"line":21},"4":{"name":"request","decl":{"start":{"line":30,"column":22},"end":{"line":30,"column":33}},"loc":{"start":{"line":30,"column":82},"end":{"line":60,"column":null}},"line":30},"5":{"name":"(anonymous_5)","decl":{"start":{"line":54,"column":37},"end":{"line":54,"column":49}},"loc":{"start":{"line":54,"column":49},"end":{"line":54,"column":53}},"line":54},"6":{"name":"extrairMensagem","decl":{"start":{"line":64,"column":9},"end":{"line":64,"column":25}},"loc":{"start":{"line":64,"column":64},"end":{"line":76,"column":null}},"line":64}},"branchMap":{"0":{"loc":{"start":{"line":7,"column":13},"end":{"line":7,"column":null}},"type":"binary-expr","locations":[{"start":{"line":7,"column":13},"end":{"line":7,"column":45}},{"start":{"line":7,"column":45},"end":{"line":7,"column":null}}],"line":7},"1":{"loc":{"start":{"line":30,"column":47},"end":{"line":30,"column":82}},"type":"default-arg","locations":[{"start":{"line":30,"column":66},"end":{"line":30,"column":82}}],"line":30},"2":{"loc":{"start":{"line":31,"column":10},"end":{"line":31,"column":26}},"type":"default-arg","locations":[{"start":{"line":31,"column":19},"end":{"line":31,"column":26}}],"line":31},"3":{"loc":{"start":{"line":31,"column":32},"end":{"line":31,"column":48}},"type":"default-arg","locations":[{"start":{"line":31,"column":39},"end":{"line":31,"column":48}}],"line":31},"4":{"loc":{"start":{"line":34,"column":2},"end":{"line":34,"column":null}},"type":"if","locations":[{"start":{"line":34,"column":2},"end":{"line":34,"column":null}},{"start":{},"end":{}}],"line":34},"5":{"loc":{"start":{"line":37,"column":2},"end":{"line":37,"column":null}},"type":"if","locations":[{"start":{"line":37,"column":2},"end":{"line":37,"column":null}},{"start":{},"end":{}}],"line":37},"6":{"loc":{"start":{"line":37,"column":6},"end":{"line":37,"column":21}},"type":"binary-expr","locations":[{"start":{"line":37,"column":6},"end":{"line":37,"column":14}},{"start":{"line":37,"column":14},"end":{"line":37,"column":21}}],"line":37},"7":{"loc":{"start":{"line":44,"column":12},"end":{"line":44,"column":null}},"type":"cond-expr","locations":[{"start":{"line":44,"column":33},"end":{"line":44,"column":45}},{"start":{"line":44,"column":45},"end":{"line":44,"column":null}}],"line":44},"8":{"loc":{"start":{"line":52,"column":2},"end":{"line":52,"column":null}},"type":"if","locations":[{"start":{"line":52,"column":2},"end":{"line":52,"column":null}},{"start":{},"end":{}}],"line":52},"9":{"loc":{"start":{"line":56,"column":2},"end":{"line":58,"column":null}},"type":"if","locations":[{"start":{"line":56,"column":2},"end":{"line":58,"column":null}},{"start":{},"end":{}}],"line":56},"10":{"loc":{"start":{"line":67,"column":2},"end":{"line":67,"column":null}},"type":"if","locations":[{"start":{"line":67,"column":2},"end":{"line":67,"column":null}},{"start":{},"end":{}}],"line":67},"11":{"loc":{"start":{"line":69,"column":2},"end":{"line":72,"column":null}},"type":"if","locations":[{"start":{"line":69,"column":2},"end":{"line":72,"column":null}},{"start":{},"end":{}}],"line":69},"12":{"loc":{"start":{"line":71,"column":4},"end":{"line":71,"column":null}},"type":"if","locations":[{"start":{"line":71,"column":4},"end":{"line":71,"column":null}},{"start":{},"end":{}}],"line":71},"13":{"loc":{"start":{"line":74,"column":2},"end":{"line":74,"column":null}},"type":"if","locations":[{"start":{"line":74,"column":2},"end":{"line":74,"column":null}},{"start":{},"end":{}}],"line":74}},"s":{"0":3,"1":3,"2":3,"3":41,"4":9,"5":14,"6":9,"7":9,"8":9,"9":30,"10":30,"11":30,"12":3,"13":30,"14":30,"15":7,"16":30,"17":30,"18":4,"19":26,"20":1,"21":25,"22":0,"23":25,"24":5,"25":20,"26":5,"27":5,"28":3,"29":2,"30":1,"31":1,"32":1,"33":1,"34":1,"35":0},"f":{"0":41,"1":9,"2":14,"3":9,"4":30,"5":0,"6":5},"b":{"0":[3,0],"1":[30],"2":[30],"3":[30],"4":[3,27],"5":[7,23],"6":[30,15],"7":[27,3],"8":[1,25],"9":[5,20],"10":[3,2],"11":[1,1],"12":[1,0],"13":[1,0]},"meta":{"lastBranch":14,"lastFunction":7,"lastStatement":36,"seen":{"s:7:13:7:Infinity":0,"b:7:13:7:45:7:45:7:Infinity":0,"s:8:18:8:Infinity":1,"s:10:28:14:Infinity":2,"f:11:2:11:13":0,"s:11:13:11:Infinity":3,"f:12:2:12:8":1,"s:12:22:12:Infinity":4,"f:13:2:13:15":2,"s:13:15:13:Infinity":5,"f:21:2:21:14":3,"s:22:4:22:Infinity":6,"s:23:4:23:Infinity":7,"s:24:4:24:Infinity":8,"f:30:22:30:33":4,"b:30:66:30:82":1,"s:31:48:31:Infinity":9,"b:31:19:31:26":2,"b:31:39:31:48":3,"s:33:42:33:Infinity":10,"b:34:2:34:Infinity:undefined:undefined:undefined:undefined":4,"s:34:2:34:Infinity":11,"s:34:26:34:Infinity":12,"s:36:16:36:Infinity":13,"b:37:2:37:Infinity:undefined:undefined:undefined:undefined":5,"s:37:2:37:Infinity":14,"b:37:6:37:14:37:14:37:21":6,"s:37:21:37:Infinity":15,"s:40:2:50:Infinity":16,"s:41:4:45:Infinity":17,"b:44:33:44:45:44:45:44:Infinity":7,"s:49:4:49:Infinity":18,"b:52:2:52:Infinity:undefined:undefined:undefined:undefined":8,"s:52:2:52:Infinity":19,"s:52:31:52:Infinity":20,"s:54:15:54:Infinity":21,"f:54:37:54:49":5,"s:54:49:54:53":22,"b:56:2:58:Infinity:undefined:undefined:undefined:undefined":9,"s:56:2:58:Infinity":23,"s:57:4:57:Infinity":24,"s:59:2:59:Infinity":25,"f:64:9:64:25":6,"s:65:18:65:Infinity":26,"b:67:2:67:Infinity:undefined:undefined:undefined:undefined":10,"s:67:2:67:Infinity":27,"s:67:34:67:Infinity":28,"b:69:2:72:Infinity:undefined:undefined:undefined:undefined":11,"s:69:2:72:Infinity":29,"s:70:21:70:Infinity":30,"b:71:4:71:Infinity:undefined:undefined:undefined:undefined":12,"s:71:4:71:Infinity":31,"s:71:23:71:Infinity":32,"b:74:2:74:Infinity:undefined:undefined:undefined:undefined":13,"s:74:2:74:Infinity":33,"s:74:21:74:Infinity":34,"s:75:2:75:Infinity":35},"fnNames":{}}}
,"C:\\Users\\paulo\\Documents\\Desafio Verzel\\web\\src\\lib\\formato.ts": {"path":"C:\\Users\\paulo\\Documents\\Desafio Verzel\\web\\src\\lib\\formato.ts","statementMap":{"0":{"start":{"line":4,"column":14},"end":{"line":4,"column":null}},"1":{"start":{"line":8,"column":2},"end":{"line":8,"column":null}},"2":{"start":{"line":12,"column":2},"end":{"line":12,"column":null}},"3":{"start":{"line":12,"column":20},"end":{"line":12,"column":null}},"4":{"start":{"line":13,"column":2},"end":{"line":13,"column":null}},"5":{"start":{"line":13,"column":35},"end":{"line":13,"column":null}},"6":{"start":{"line":14,"column":2},"end":{"line":14,"column":null}},"7":{"start":{"line":17,"column":18},"end":{"line":23,"column":null}},"8":{"start":{"line":25,"column":19},"end":{"line":30,"column":null}},"9":{"start":{"line":33,"column":2},"end":{"line":33,"column":null}},"10":{"start":{"line":37,"column":2},"end":{"line":37,"column":null}},"11":{"start":{"line":41,"column":2},"end":{"line":41,"column":null}},"12":{"start":{"line":41,"column":16},"end":{"line":41,"column":null}},"13":{"start":{"line":42,"column":12},"end":{"line":42,"column":null}},"14":{"start":{"line":43,"column":12},"end":{"line":43,"column":null}},"15":{"start":{"line":44,"column":2},"end":{"line":44,"column":null}},"16":{"start":{"line":49,"column":17},"end":{"line":49,"column":null}},"17":{"start":{"line":50,"column":16},"end":{"line":50,"column":null}},"18":{"start":{"line":51,"column":14},"end":{"line":51,"column":null}},"19":{"start":{"line":52,"column":14},"end":{"line":52,"column":null}},"20":{"start":{"line":53,"column":2},"end":{"line":53,"column":null}}},"fnMap":{"0":{"name":"reais","decl":{"start":{"line":7,"column":16},"end":{"line":7,"column":22}},"loc":{"start":{"line":7,"column":48},"end":{"line":9,"column":null}},"line":7},"1":{"name":"faixaDePreco","decl":{"start":{"line":11,"column":16},"end":{"line":11,"column":29}},"loc":{"start":{"line":11,"column":77},"end":{"line":15,"column":null}},"line":11},"2":{"name":"dataHora","decl":{"start":{"line":32,"column":16},"end":{"line":32,"column":25}},"loc":{"start":{"line":32,"column":46},"end":{"line":34,"column":null}},"line":32},"3":{"name":"dataCurta","decl":{"start":{"line":36,"column":16},"end":{"line":36,"column":26}},"loc":{"start":{"line":36,"column":47},"end":{"line":38,"column":null}},"line":36},"4":{"name":"duracao","decl":{"start":{"line":40,"column":16},"end":{"line":40,"column":24}},"loc":{"start":{"line":40,"column":56},"end":{"line":45,"column":null}},"line":40},"5":{"name":"tempoRestante","decl":{"start":{"line":48,"column":16},"end":{"line":48,"column":30}},"loc":{"start":{"line":48,"column":51},"end":{"line":54,"column":null}},"line":48}},"branchMap":{"0":{"loc":{"start":{"line":12,"column":2},"end":{"line":12,"column":null}},"type":"if","locations":[{"start":{"line":12,"column":2},"end":{"line":12,"column":null}},{"start":{},"end":{}}],"line":12},"1":{"loc":{"start":{"line":13,"column":2},"end":{"line":13,"column":null}},"type":"if","locations":[{"start":{"line":13,"column":2},"end":{"line":13,"column":null}},{"start":{},"end":{}}],"line":13},"2":{"loc":{"start":{"line":13,"column":6},"end":{"line":13,"column":35}},"type":"binary-expr","locations":[{"start":{"line":13,"column":6},"end":{"line":13,"column":22}},{"start":{"line":13,"column":22},"end":{"line":13,"column":35}}],"line":13},"3":{"loc":{"start":{"line":41,"column":2},"end":{"line":41,"column":null}},"type":"if","locations":[{"start":{"line":41,"column":2},"end":{"line":41,"column":null}},{"start":{},"end":{}}],"line":41},"4":{"loc":{"start":{"line":44,"column":9},"end":{"line":44,"column":null}},"type":"cond-expr","locations":[{"start":{"line":44,"column":17},"end":{"line":44,"column":53}},{"start":{"line":44,"column":53},"end":{"line":44,"column":null}}],"line":44},"5":{"loc":{"start":{"line":44,"column":25},"end":{"line":44,"column":53}},"type":"cond-expr","locations":[{"start":{"line":44,"column":33},"end":{"line":44,"column":46}},{"start":{"line":44,"column":46},"end":{"line":44,"column":53}}],"line":44}},"s":{"0":4,"1":616,"2":24,"3":1,"4":23,"5":2,"6":21,"7":4,"8":4,"9":33,"10":0,"11":25,"12":2,"13":23,"14":23,"15":23,"16":3,"17":3,"18":3,"19":3,"20":3},"f":{"0":616,"1":24,"2":33,"3":0,"4":25,"5":3},"b":{"0":[1,23],"1":[2,21],"2":[23,22],"3":[2,23],"4":[22,1],"5":[21,1]},"meta":{"lastBranch":6,"lastFunction":6,"lastStatement":21,"seen":{"s:4:14:4:Infinity":0,"f:7:16:7:22":0,"s:8:2:8:Infinity":1,"f:11:16:11:29":1,"b:12:2:12:Infinity:undefined:undefined:undefined:undefined":0,"s:12:2:12:Infinity":2,"s:12:20:12:Infinity":3,"b:13:2:13:Infinity:undefined:undefined:undefined:undefined":1,"s:13:2:13:Infinity":4,"b:13:6:13:22:13:22:13:35":2,"s:13:35:13:Infinity":5,"s:14:2:14:Infinity":6,"s:17:18:23:Infinity":7,"s:25:19:30:Infinity":8,"f:32:16:32:25":2,"s:33:2:33:Infinity":9,"f:36:16:36:26":3,"s:37:2:37:Infinity":10,"f:40:16:40:24":4,"b:41:2:41:Infinity:undefined:undefined:undefined:undefined":3,"s:41:2:41:Infinity":11,"s:41:16:41:Infinity":12,"s:42:12:42:Infinity":13,"s:43:12:43:Infinity":14,"s:44:2:44:Infinity":15,"b:44:17:44:53:44:53:44:Infinity":4,"b:44:33:44:46:44:46:44:53":5,"f:48:16:48:30":5,"s:49:17:49:Infinity":16,"s:50:16:50:Infinity":17,"s:51:14:51:Infinity":18,"s:52:14:52:Infinity":19,"s:53:2:53:Infinity":20},"fnNames":{}}}
,"C:\\Users\\paulo\\Documents\\Desafio Verzel\\web\\src\\lib\\tipos.ts": {"path":"C:\\Users\\paulo\\Documents\\Desafio Verzel\\web\\src\\lib\\tipos.ts","statementMap":{"0":{"start":{"line":13,"column":48},"end":{"line":17,"column":null}},"1":{"start":{"line":19,"column":53},"end":{"line":22,"column":null}},"2":{"start":{"line":29,"column":106},"end":{"line":36,"column":null}},"3":{"start":{"line":38,"column":26},"end":{"line":43,"column":null}},"4":{"start":{"line":46,"column":2},"end":{"line":46,"column":null}},"5":{"start":{"line":46,"column":14},"end":{"line":46,"column":null}},"6":{"start":{"line":48,"column":16},"end":{"line":48,"column":null}},"7":{"start":{"line":49,"column":2},"end":{"line":49,"column":null}},"8":{"start":{"line":57,"column":76},"end":{"line":62,"column":null}}},"fnMap":{"0":{"name":"classificacao","decl":{"start":{"line":45,"column":16},"end":{"line":45,"column":30}},"loc":{"start":{"line":45,"column":64},"end":{"line":50,"column":null}},"line":45}},"branchMap":{"0":{"loc":{"start":{"line":46,"column":2},"end":{"line":46,"column":null}},"type":"if","locations":[{"start":{"line":46,"column":2},"end":{"line":46,"column":null}},{"start":{},"end":{}}],"line":46},"1":{"loc":{"start":{"line":48,"column":16},"end":{"line":48,"column":null}},"type":"cond-expr","locations":[{"start":{"line":48,"column":57},"end":{"line":48,"column":63}},{"start":{"line":48,"column":63},"end":{"line":48,"column":null}}],"line":48},"2":{"loc":{"start":{"line":49,"column":9},"end":{"line":49,"column":null}},"type":"binary-expr","locations":[{"start":{"line":49,"column":9},"end":{"line":49,"column":34}},{"start":{"line":49,"column":34},"end":{"line":49,"column":null}}],"line":49}},"s":{"0":4,"1":4,"2":4,"3":4,"4":47,"5":6,"6":41,"7":47,"8":4},"f":{"0":47},"b":{"0":[6,41],"1":[2,39],"2":[47,1]},"meta":{"lastBranch":3,"lastFunction":1,"lastStatement":9,"seen":{"s:13:48:17:Infinity":0,"s:19:53:22:Infinity":1,"s:29:106:36:Infinity":2,"s:38:26:43:Infinity":3,"f:45:16:45:30":0,"b:46:2:46:Infinity:undefined:undefined:undefined:undefined":0,"s:46:2:46:Infinity":4,"s:46:14:46:Infinity":5,"s:48:16:48:Infinity":6,"b:48:57:48:63:48:63:48:Infinity":1,"s:49:2:49:Infinity":7,"b:49:9:49:34:49:34:49:Infinity":2,"s:57:76:62:Infinity":8},"fnNames":{}}}
,"C:\\Users\\paulo\\Documents\\Desafio Verzel\\web\\src\\pages\\CriarConta.tsx": {"path":"C:\\Users\\paulo\\Documents\\Desafio Verzel\\web\\src\\pages\\CriarConta.tsx","statementMap":{"0":{"start":{"line":12,"column":21},"end":{"line":12,"column":null}},"1":{"start":{"line":16,"column":32},"end":{"line":16,"column":null}},"2":{"start":{"line":18,"column":42},"end":{"line":21,"column":null}},"3":{"start":{"line":24,"column":30},"end":{"line":24,"column":38}},"4":{"start":{"line":25,"column":19},"end":{"line":25,"column":31}},"5":{"start":{"line":27,"column":26},"end":{"line":32,"column":null}},"6":{"start":{"line":33,"column":26},"end":{"line":33,"column":null}},"7":{"start":{"line":34,"column":34},"end":{"line":34,"column":null}},"8":{"start":{"line":36,"column":2},"end":{"line":36,"column":null}},"9":{"start":{"line":36,"column":12},"end":{"line":36,"column":null}},"10":{"start":{"line":38,"column":21},"end":{"line":38,"column":null}},"11":{"start":{"line":41,"column":4},"end":{"line":41,"column":null}},"12":{"start":{"line":42,"column":4},"end":{"line":42,"column":null}},"13":{"start":{"line":43,"column":4},"end":{"line":43,"column":null}},"14":{"start":{"line":44,"column":4},"end":{"line":51,"column":null}},"15":{"start":{"line":45,"column":21},"end":{"line":45,"column":null}},"16":{"start":{"line":46,"column":6},"end":{"line":46,"column":null}},"17":{"start":{"line":48,"column":6},"end":{"line":48,"column":null}},"18":{"start":{"line":50,"column":6},"end":{"line":50,"column":null}},"19":{"start":{"line":54,"column":2},"end":{"line":144,"column":null}},"20":{"start":{"line":85,"column":29},"end":{"line":85,"column":null}},"21":{"start":{"line":96,"column":29},"end":{"line":96,"column":null}},"22":{"start":{"line":108,"column":29},"end":{"line":108,"column":null}},"23":{"start":{"line":115,"column":14},"end":{"line":131,"column":null}},"24":{"start":{"line":125,"column":34},"end":{"line":125,"column":null}}},"fnMap":{"0":{"name":"CriarConta","decl":{"start":{"line":23,"column":16},"end":{"line":23,"column":29}},"loc":{"start":{"line":23,"column":29},"end":{"line":146,"column":null}},"line":23},"1":{"name":"enviar","decl":{"start":{"line":40,"column":17},"end":{"line":40,"column":24}},"loc":{"start":{"line":40,"column":38},"end":{"line":52,"column":null}},"line":40},"2":{"name":"(anonymous_2)","decl":{"start":{"line":85,"column":12},"end":{"line":85,"column":23}},"loc":{"start":{"line":85,"column":29},"end":{"line":85,"column":null}},"line":85},"3":{"name":"(anonymous_3)","decl":{"start":{"line":96,"column":12},"end":{"line":96,"column":23}},"loc":{"start":{"line":96,"column":29},"end":{"line":96,"column":null}},"line":96},"4":{"name":"(anonymous_4)","decl":{"start":{"line":108,"column":12},"end":{"line":108,"column":23}},"loc":{"start":{"line":108,"column":29},"end":{"line":108,"column":null}},"line":108},"5":{"name":"(anonymous_5)","decl":{"start":{"line":114,"column":29},"end":{"line":114,"column":34}},"loc":{"start":{"line":115,"column":14},"end":{"line":131,"column":null}},"line":115},"6":{"name":"(anonymous_6)","decl":{"start":{"line":125,"column":18},"end":{"line":125,"column":34}},"loc":{"start":{"line":125,"column":34},"end":{"line":125,"column":null}},"line":125}},"branchMap":{"0":{"loc":{"start":{"line":36,"column":2},"end":{"line":36,"column":null}},"type":"if","locations":[{"start":{"line":36,"column":2},"end":{"line":36,"column":null}},{"start":{},"end":{}}],"line":36},"1":{"loc":{"start":{"line":38,"column":21},"end":{"line":38,"column":null}},"type":"binary-expr","locations":[{"start":{"line":38,"column":21},"end":{"line":38,"column":49}},{"start":{"line":38,"column":49},"end":{"line":38,"column":null}}],"line":38},"2":{"loc":{"start":{"line":48,"column":14},"end":{"line":48,"column":87}},"type":"cond-expr","locations":[{"start":{"line":48,"column":40},"end":{"line":48,"column":54}},{"start":{"line":48,"column":54},"end":{"line":48,"column":87}}],"line":48},"3":{"loc":{"start":{"line":71,"column":11},"end":{"line":74,"column":null}},"type":"binary-expr","locations":[{"start":{"line":71,"column":11},"end":{"line":71,"column":null}},{"start":{"line":72,"column":12},"end":{"line":74,"column":null}}],"line":71},"4":{"loc":{"start":{"line":109,"column":18},"end":{"line":109,"column":null}},"type":"cond-expr","locations":[{"start":{"line":109,"column":31},"end":{"line":109,"column":96}},{"start":{"line":109,"column":96},"end":{"line":109,"column":null}}],"line":109},"5":{"loc":{"start":{"line":117,"column":27},"end":{"line":117,"column":null}},"type":"cond-expr","locations":[{"start":{"line":117,"column":49},"end":{"line":117,"column":88}},{"start":{"line":117,"column":88},"end":{"line":117,"column":null}}],"line":117},"6":{"loc":{"start":{"line":136,"column":13},"end":{"line":136,"column":null}},"type":"cond-expr","locations":[{"start":{"line":136,"column":24},"end":{"line":136,"column":37}},{"start":{"line":136,"column":37},"end":{"line":136,"column":null}}],"line":136}},"s":{"0":0,"1":0,"2":0,"3":0,"4":0,"5":0,"6":0,"7":0,"8":0,"9":0,"10":0,"11":0,"12":0,"13":0,"14":0,"15":0,"16":0,"17":0,"18":0,"19":0,"20":0,"21":0,"22":0,"23":0,"24":0},"f":{"0":0,"1":0,"2":0,"3":0,"4":0,"5":0,"6":0},"b":{"0":[0,0],"1":[0,0],"2":[0,0],"3":[0,0],"4":[0,0],"5":[0,0],"6":[0,0]},"meta":{"lastBranch":7,"lastFunction":7,"lastStatement":25,"seen":{"s:12:21:12:Infinity":0,"s:16:32:16:Infinity":1,"s:18:42:21:Infinity":2,"f:23:16:23:29":0,"s:24:30:24:38":3,"s:25:19:25:31":4,"s:27:26:32:Infinity":5,"s:33:26:33:Infinity":6,"s:34:34:34:Infinity":7,"b:36:2:36:Infinity:undefined:undefined:undefined:undefined":0,"s:36:2:36:Infinity":8,"s:36:12:36:Infinity":9,"s:38:21:38:Infinity":10,"b:38:21:38:49:38:49:38:Infinity":1,"f:40:17:40:24":1,"s:41:4:41:Infinity":11,"s:42:4:42:Infinity":12,"s:43:4:43:Infinity":13,"s:44:4:51:Infinity":14,"s:45:21:45:Infinity":15,"s:46:6:46:Infinity":16,"s:48:6:48:Infinity":17,"b:48:40:48:54:48:54:48:87":2,"s:50:6:50:Infinity":18,"s:54:2:144:Infinity":19,"b:71:11:71:Infinity:72:12:74:Infinity":3,"f:85:12:85:23":2,"s:85:29:85:Infinity":20,"f:96:12:96:23":3,"s:96:29:96:Infinity":21,"f:108:12:108:23":4,"s:108:29:108:Infinity":22,"b:109:31:109:96:109:96:109:Infinity":4,"f:114:29:114:34":5,"s:115:14:131:Infinity":23,"b:117:49:117:88:117:88:117:Infinity":5,"f:125:18:125:34":6,"s:125:34:125:Infinity":24,"b:136:24:136:37:136:37:136:Infinity":6},"fnNames":{}}}
,"C:\\Users\\paulo\\Documents\\Desafio Verzel\\web\\src\\pages\\EmCartaz.tsx": {"path":"C:\\Users\\paulo\\Documents\\Desafio Verzel\\web\\src\\pages\\EmCartaz.tsx","statementMap":{"0":{"start":{"line":15,"column":30},"end":{"line":15,"column":46}},"1":{"start":{"line":16,"column":16},"end":{"line":16,"column":null}},"2":{"start":{"line":18,"column":28},"end":{"line":18,"column":null}},"3":{"start":{"line":19,"column":30},"end":{"line":19,"column":null}},"4":{"start":{"line":20,"column":38},"end":{"line":20,"column":null}},"5":{"start":{"line":21,"column":26},"end":{"line":21,"column":null}},"6":{"start":{"line":23,"column":2},"end":{"line":33,"column":null}},"7":{"start":{"line":24,"column":4},"end":{"line":24,"column":null}},"8":{"start":{"line":25,"column":18},"end":{"line":25,"column":null}},"9":{"start":{"line":26,"column":4},"end":{"line":32,"column":null}},"10":{"start":{"line":28,"column":8},"end":{"line":28,"column":null}},"11":{"start":{"line":29,"column":8},"end":{"line":29,"column":null}},"12":{"start":{"line":31,"column":20},"end":{"line":31,"column":38}},"13":{"start":{"line":32,"column":21},"end":{"line":32,"column":41}},"14":{"start":{"line":36,"column":4},"end":{"line":36,"column":null}},"15":{"start":{"line":37,"column":4},"end":{"line":37,"column":null}},"16":{"start":{"line":40,"column":2},"end":{"line":136,"column":null}},"17":{"start":{"line":56,"column":29},"end":{"line":56,"column":null}},"18":{"start":{"line":66,"column":16},"end":{"line":66,"column":null}},"19":{"start":{"line":67,"column":16},"end":{"line":67,"column":null}},"20":{"start":{"line":103,"column":14},"end":{"line":131,"column":null}}},"fnMap":{"0":{"name":"EmCartaz","decl":{"start":{"line":14,"column":16},"end":{"line":14,"column":27}},"loc":{"start":{"line":14,"column":27},"end":{"line":138,"column":null}},"line":14},"1":{"name":"(anonymous_1)","decl":{"start":{"line":23,"column":2},"end":{"line":23,"column":18}},"loc":{"start":{"line":23,"column":18},"end":{"line":33,"column":5}},"line":23},"2":{"name":"(anonymous_2)","decl":{"start":{"line":27,"column":7},"end":{"line":27,"column":13}},"loc":{"start":{"line":27,"column":19},"end":{"line":30,"column":7}},"line":27},"3":{"name":"(anonymous_3)","decl":{"start":{"line":31,"column":7},"end":{"line":31,"column":14}},"loc":{"start":{"line":31,"column":20},"end":{"line":31,"column":38}},"line":31},"4":{"name":"(anonymous_4)","decl":{"start":{"line":32,"column":7},"end":{"line":32,"column":21}},"loc":{"start":{"line":32,"column":21},"end":{"line":32,"column":41}},"line":32},"5":{"name":"buscar","decl":{"start":{"line":35,"column":11},"end":{"line":35,"column":18}},"loc":{"start":{"line":35,"column":38},"end":{"line":38,"column":null}},"line":35},"6":{"name":"(anonymous_6)","decl":{"start":{"line":56,"column":12},"end":{"line":56,"column":23}},"loc":{"start":{"line":56,"column":29},"end":{"line":56,"column":null}},"line":56},"7":{"name":"(anonymous_7)","decl":{"start":{"line":65,"column":14},"end":{"line":65,"column":29}},"loc":{"start":{"line":65,"column":29},"end":{"line":68,"column":null}},"line":65},"8":{"name":"(anonymous_8)","decl":{"start":{"line":102,"column":26},"end":{"line":102,"column":31}},"loc":{"start":{"line":103,"column":14},"end":{"line":131,"column":null}},"line":103}},"branchMap":{"0":{"loc":{"start":{"line":16,"column":16},"end":{"line":16,"column":null}},"type":"binary-expr","locations":[{"start":{"line":16,"column":16},"end":{"line":16,"column":39}},{"start":{"line":16,"column":39},"end":{"line":16,"column":null}}],"line":16},"1":{"loc":{"start":{"line":25,"column":18},"end":{"line":25,"column":null}},"type":"cond-expr","locations":[{"start":{"line":25,"column":26},"end":{"line":25,"column":66}},{"start":{"line":25,"column":66},"end":{"line":25,"column":null}}],"line":25},"2":{"loc":{"start":{"line":37,"column":14},"end":{"line":37,"column":57}},"type":"cond-expr","locations":[{"start":{"line":37,"column":29},"end":{"line":37,"column":55}},{"start":{"line":37,"column":55},"end":{"line":37,"column":57}}],"line":37},"3":{"loc":{"start":{"line":61,"column":11},"end":{"line":71,"column":null}},"type":"binary-expr","locations":[{"start":{"line":61,"column":11},"end":{"line":61,"column":null}},{"start":{"line":62,"column":12},"end":{"line":71,"column":null}}],"line":61},"4":{"loc":{"start":{"line":76,"column":7},"end":{"line":79,"column":null}},"type":"binary-expr","locations":[{"start":{"line":76,"column":7},"end":{"line":76,"column":null}},{"start":{"line":77,"column":8},"end":{"line":79,"column":null}}],"line":76},"5":{"loc":{"start":{"line":82,"column":7},"end":{"line":134,"column":null}},"type":"cond-expr","locations":[{"start":{"line":83,"column":8},"end":{"line":84,"column":11}},{"start":{"line":84,"column":10},"end":{"line":134,"column":null}}],"line":82},"6":{"loc":{"start":{"line":84,"column":10},"end":{"line":134,"column":null}},"type":"cond-expr","locations":[{"start":{"line":85,"column":8},"end":{"line":96,"column":null}},{"start":{"line":96,"column":8},"end":{"line":134,"column":null}}],"line":84},"7":{"loc":{"start":{"line":84,"column":10},"end":{"line":84,"column":null}},"type":"binary-expr","locations":[{"start":{"line":84,"column":10},"end":{"line":84,"column":21}},{"start":{"line":84,"column":21},"end":{"line":84,"column":null}}],"line":84},"8":{"loc":{"start":{"line":87,"column":13},"end":{"line":87,"column":null}},"type":"cond-expr","locations":[{"start":{"line":87,"column":21},"end":{"line":87,"column":56}},{"start":{"line":87,"column":56},"end":{"line":87,"column":null}}],"line":87},"9":{"loc":{"start":{"line":90,"column":13},"end":{"line":92,"column":null}},"type":"cond-expr","locations":[{"start":{"line":91,"column":16},"end":{"line":91,"column":null}},{"start":{"line":92,"column":16},"end":{"line":92,"column":null}}],"line":90},"10":{"loc":{"start":{"line":98,"column":28},"end":{"line":98,"column":null}},"type":"cond-expr","locations":[{"start":{"line":98,"column":49},"end":{"line":98,"column":60}},{"start":{"line":98,"column":60},"end":{"line":98,"column":null}}],"line":98},"11":{"loc":{"start":{"line":106,"column":21},"end":{"line":113,"column":21}},"type":"cond-expr","locations":[{"start":{"line":107,"column":22},"end":{"line":109,"column":23}},{"start":{"line":109,"column":22},"end":{"line":113,"column":21}}],"line":106}},"s":{"0":41,"1":41,"2":41,"3":41,"4":41,"5":41,"6":41,"7":14,"8":14,"9":14,"10":13,"11":13,"12":1,"13":14,"14":3,"15":3,"16":41,"17":10,"18":0,"19":0,"20":20},"f":{"0":41,"1":14,"2":13,"3":1,"4":14,"5":3,"6":10,"7":0,"8":20},"b":{"0":[41,32],"1":[3,11],"2":[3,0],"3":[41,9],"4":[41,1],"5":[14,27],"6":[8,19],"7":[27,26],"8":[2,6],"9":[2,6],"10":[18,1],"11":[19,1]},"meta":{"lastBranch":12,"lastFunction":9,"lastStatement":21,"seen":{"f:14:16:14:27":0,"s:15:30:15:46":0,"s:16:16:16:Infinity":1,"b:16:16:16:39:16:39:16:Infinity":0,"s:18:28:18:Infinity":2,"s:19:30:19:Infinity":3,"s:20:38:20:Infinity":4,"s:21:26:21:Infinity":5,"s:23:2:33:Infinity":6,"f:23:2:23:18":1,"s:24:4:24:Infinity":7,"s:25:18:25:Infinity":8,"b:25:26:25:66:25:66:25:Infinity":1,"s:26:4:32:Infinity":9,"f:27:7:27:13":2,"s:28:8:28:Infinity":10,"s:29:8:29:Infinity":11,"f:31:7:31:14":3,"s:31:20:31:38":12,"f:32:7:32:21":4,"s:32:21:32:41":13,"f:35:11:35:18":5,"s:36:4:36:Infinity":14,"s:37:4:37:Infinity":15,"b:37:29:37:55:37:55:37:57":2,"s:40:2:136:Infinity":16,"f:56:12:56:23":6,"s:56:29:56:Infinity":17,"b:61:11:61:Infinity:62:12:71:Infinity":3,"f:65:14:65:29":7,"s:66:16:66:Infinity":18,"s:67:16:67:Infinity":19,"b:76:7:76:Infinity:77:8:79:Infinity":4,"b:83:8:84:11:84:10:134:Infinity":5,"b:85:8:96:Infinity:96:8:134:Infinity":6,"b:84:10:84:21:84:21:84:Infinity":7,"b:87:21:87:56:87:56:87:Infinity":8,"b:91:16:91:Infinity:92:16:92:Infinity":9,"b:98:49:98:60:98:60:98:Infinity":10,"f:102:26:102:31":8,"s:103:14:131:Infinity":20,"b:107:22:109:23:109:22:113:21":11},"fnNames":{}}}
,"C:\\Users\\paulo\\Documents\\Desafio Verzel\\web\\src\\pages\\Entrar.tsx": {"path":"C:\\Users\\paulo\\Documents\\Desafio Verzel\\web\\src\\pages\\Entrar.tsx","statementMap":{"0":{"start":{"line":12,"column":13},"end":{"line":16,"column":null}},"1":{"start":{"line":17,"column":19},"end":{"line":17,"column":null}},"2":{"start":{"line":20,"column":26},"end":{"line":20,"column":34}},"3":{"start":{"line":21,"column":19},"end":{"line":21,"column":31}},"4":{"start":{"line":22,"column":19},"end":{"line":22,"column":31}},"5":{"start":{"line":24,"column":28},"end":{"line":24,"column":null}},"6":{"start":{"line":25,"column":28},"end":{"line":25,"column":null}},"7":{"start":{"line":26,"column":26},"end":{"line":26,"column":null}},"8":{"start":{"line":27,"column":34},"end":{"line":27,"column":null}},"9":{"start":{"line":29,"column":2},"end":{"line":29,"column":null}},"10":{"start":{"line":29,"column":12},"end":{"line":29,"column":null}},"11":{"start":{"line":32,"column":4},"end":{"line":32,"column":null}},"12":{"start":{"line":33,"column":4},"end":{"line":33,"column":null}},"13":{"start":{"line":34,"column":4},"end":{"line":42,"column":null}},"14":{"start":{"line":35,"column":21},"end":{"line":35,"column":null}},"15":{"start":{"line":36,"column":23},"end":{"line":36,"column":null}},"16":{"start":{"line":37,"column":6},"end":{"line":37,"column":null}},"17":{"start":{"line":39,"column":6},"end":{"line":39,"column":null}},"18":{"start":{"line":41,"column":6},"end":{"line":41,"column":null}},"19":{"start":{"line":45,"column":2},"end":{"line":122,"column":null}},"20":{"start":{"line":61,"column":12},"end":{"line":61,"column":null}},"21":{"start":{"line":62,"column":12},"end":{"line":62,"column":null}},"22":{"start":{"line":79,"column":29},"end":{"line":79,"column":null}},"23":{"start":{"line":90,"column":29},"end":{"line":90,"column":null}},"24":{"start":{"line":106,"column":14},"end":{"line":117,"column":null}},"25":{"start":{"line":111,"column":31},"end":{"line":111,"column":null}}},"fnMap":{"0":{"name":"Entrar","decl":{"start":{"line":19,"column":16},"end":{"line":19,"column":25}},"loc":{"start":{"line":19,"column":25},"end":{"line":124,"column":null}},"line":19},"1":{"name":"entrar","decl":{"start":{"line":31,"column":17},"end":{"line":31,"column":24}},"loc":{"start":{"line":31,"column":60},"end":{"line":43,"column":null}},"line":31},"2":{"name":"(anonymous_2)","decl":{"start":{"line":60,"column":10},"end":{"line":60,"column":21}},"loc":{"start":{"line":60,"column":27},"end":{"line":63,"column":null}},"line":60},"3":{"name":"(anonymous_3)","decl":{"start":{"line":79,"column":12},"end":{"line":79,"column":23}},"loc":{"start":{"line":79,"column":29},"end":{"line":79,"column":null}},"line":79},"4":{"name":"(anonymous_4)","decl":{"start":{"line":90,"column":12},"end":{"line":90,"column":23}},"loc":{"start":{"line":90,"column":29},"end":{"line":90,"column":null}},"line":90},"5":{"name":"(anonymous_5)","decl":{"start":{"line":105,"column":18},"end":{"line":105,"column":23}},"loc":{"start":{"line":106,"column":14},"end":{"line":117,"column":null}},"line":106},"6":{"name":"(anonymous_6)","decl":{"start":{"line":111,"column":16},"end":{"line":111,"column":31}},"loc":{"start":{"line":111,"column":31},"end":{"line":111,"column":null}},"line":111}},"branchMap":{"0":{"loc":{"start":{"line":29,"column":2},"end":{"line":29,"column":null}},"type":"if","locations":[{"start":{"line":29,"column":2},"end":{"line":29,"column":null}},{"start":{},"end":{}}],"line":29},"1":{"loc":{"start":{"line":37,"column":15},"end":{"line":37,"column":55}},"type":"binary-expr","locations":[{"start":{"line":37,"column":15},"end":{"line":37,"column":26}},{"start":{"line":37,"column":26},"end":{"line":37,"column":55}}],"line":37},"2":{"loc":{"start":{"line":39,"column":14},"end":{"line":39,"column":76}},"type":"cond-expr","locations":[{"start":{"line":39,"column":38},"end":{"line":39,"column":50}},{"start":{"line":39,"column":50},"end":{"line":39,"column":76}}],"line":39},"3":{"loc":{"start":{"line":65,"column":11},"end":{"line":68,"column":null}},"type":"binary-expr","locations":[{"start":{"line":65,"column":11},"end":{"line":65,"column":null}},{"start":{"line":66,"column":12},"end":{"line":68,"column":null}}],"line":65},"4":{"loc":{"start":{"line":94,"column":13},"end":{"line":94,"column":null}},"type":"cond-expr","locations":[{"start":{"line":94,"column":24},"end":{"line":94,"column":38}},{"start":{"line":94,"column":38},"end":{"line":94,"column":null}}],"line":94}},"s":{"0":0,"1":0,"2":0,"3":0,"4":0,"5":0,"6":0,"7":0,"8":0,"9":0,"10":0,"11":0,"12":0,"13":0,"14":0,"15":0,"16":0,"17":0,"18":0,"19":0,"20":0,"21":0,"22":0,"23":0,"24":0,"25":0},"f":{"0":0,"1":0,"2":0,"3":0,"4":0,"5":0,"6":0},"b":{"0":[0,0],"1":[0,0],"2":[0,0],"3":[0,0],"4":[0,0]},"meta":{"lastBranch":5,"lastFunction":7,"lastStatement":26,"seen":{"s:12:13:16:Infinity":0,"s:17:19:17:Infinity":1,"f:19:16:19:25":0,"s:20:26:20:34":2,"s:21:19:21:31":3,"s:22:19:22:31":4,"s:24:28:24:Infinity":5,"s:25:28:25:Infinity":6,"s:26:26:26:Infinity":7,"s:27:34:27:Infinity":8,"b:29:2:29:Infinity:undefined:undefined:undefined:undefined":0,"s:29:2:29:Infinity":9,"s:29:12:29:Infinity":10,"f:31:17:31:24":1,"s:32:4:32:Infinity":11,"s:33:4:33:Infinity":12,"s:34:4:42:Infinity":13,"s:35:21:35:Infinity":14,"s:36:23:36:Infinity":15,"s:37:6:37:Infinity":16,"b:37:15:37:26:37:26:37:55":1,"s:39:6:39:Infinity":17,"b:39:38:39:50:39:50:39:76":2,"s:41:6:41:Infinity":18,"s:45:2:122:Infinity":19,"f:60:10:60:21":2,"s:61:12:61:Infinity":20,"s:62:12:62:Infinity":21,"b:65:11:65:Infinity:66:12:68:Infinity":3,"f:79:12:79:23":3,"s:79:29:79:Infinity":22,"f:90:12:90:23":4,"s:90:29:90:Infinity":23,"b:94:24:94:38:94:38:94:Infinity":4,"f:105:18:105:23":5,"s:106:14:117:Infinity":24,"f:111:16:111:31":6,"s:111:31:111:Infinity":25},"fnNames":{}}}
[...]
":17},"end":{"line":310,"column":null}},"type":"binary-expr","locations":[{"start":{"line":307,"column":17},"end":{"line":307,"column":null}},{"start":{"line":308,"column":18},"end":{"line":310,"column":null}}],"line":307},"29":{"loc":{"start":{"line":315,"column":19},"end":{"line":316,"column":null}},"type":"binary-expr","locations":[{"start":{"line":315,"column":19},"end":{"line":315,"column":null}},{"start":{"line":316,"column":20},"end":{"line":316,"column":null}}],"line":315}},"s":{"0":0,"1":0,"2":0,"3":0,"4":0,"5":0,"6":0,"7":0,"8":0,"9":0,"10":0,"11":0,"12":0,"13":0,"14":0,"15":0,"16":0,"17":0,"18":0,"19":0,"20":0,"21":0,"22":0,"23":0,"24":0,"25":0,"26":0,"27":0,"28":0,"29":0,"30":0,"31":0,"32":0,"33":0,"34":0,"35":0,"36":0,"37":0,"38":0,"39":0,"40":0,"41":0,"42":0,"43":0,"44":0,"45":0,"46":0,"47":0,"48":0,"49":0,"50":0,"51":0,"52":0,"53":0,"54":0,"55":0,"56":0,"57":0,"58":0,"59":0,"60":0,"61":0,"62":0,"63":0,"64":0,"65":0,"66":0,"67":0,"68":0,"69":0,"70":0,"71":0,"72":0,"73":0,"74":0,"75":0,"76":0,"77":0,"78":0,"79":0,"80":0,"81":0,"82":0,"83":0},"f":{"0":0,"1":0,"2":0,"3":0,"4":0,"5":0,"6":0,"7":0,"8":0,"9":0,"10":0,"11":0,"12":0,"13":0,"14":0,"15":0,"16":0,"17":0,"18":0,"19":0,"20":0,"21":0,"22":0,"23":0,"24":0,"25":0,"26":0,"27":0,"28":0,"29":0,"30":0,"31":0,"32":0,"33":0,"34":0,"35":0,"36":0,"37":0,"38":0,"39":0},"b":{"0":[0,0],"1":[0,0],"2":[0,0],"3":[0,0],"4":[0,0],"5":[0,0],"6":[0,0],"7":[0,0],"8":[0,0],"9":[0,0],"10":[0,0],"11":[0,0],"12":[0,0],"13":[0,0],"14":[0,0],"15":[0,0],"16":[0,0],"17":[0,0],"18":[0,0],"19":[0,0],"20":[0,0],"21":[0,0],"22":[0,0],"23":[0,0],"24":[0,0],"25":[0,0],"26":[0,0],"27":[0,0,0],"28":[0,0],"29":[0,0]},"meta":{"lastBranch":30,"lastFunction":40,"lastStatement":84,"seen":{"s:18:31:24:Infinity":0,"f:28:9:28:22":0,"s:29:2:36:Infinity":1,"f:33:9:33:14":1,"s:33:20:33:29":2,"f:34:9:34:17":2,"s:34:23:34:55":3,"b:34:23:34:32:34:32:34:55":0,"f:36:4:36:10":3,"s:36:19:36:24":4,"f:39:16:39:24":4,"s:40:28:40:Infinity":5,"s:41:26:41:Infinity":6,"s:42:34:42:Infinity":7,"s:43:32:43:Infinity":8,"s:45:26:45:Infinity":9,"s:46:28:46:Infinity":10,"s:47:32:47:Infinity":11,"f:49:11:49:22":5,"s:50:4:52:Infinity":12,"f:52:7:52:14":6,"s:52:20:52:38":13,"s:55:2:55:Infinity":14,"f:57:11:57:25":7,"s:58:4:58:Infinity":15,"f:58:4:58:16":8,"s:58:26:58:87":16,"f:58:32:58:37":9,"s:58:49:58:86":17,"b:58:61:58:84:58:84:58:86":1,"f:61:11:61:28":10,"s:62:4:74:Infinity":18,"f:62:4:62:16":11,"s:63:6:73:Infinity":19,"f:63:12:63:17":12,"b:64:8:64:Infinity:undefined:undefined:undefined:undefined":2,"s:64:8:64:Infinity":20,"s:64:23:64:Infinity":21,"s:65:26:65:Infinity":22,"f:65:36:65:42":13,"s:65:48:65:70":23,"b:66:8:68:Infinity:undefined:undefined:undefined:undefined":3,"s:66:8:68:Infinity":24,"b:66:12:66:25:66:25:66:50":4,"s:67:10:67:Infinity":25,"f:67:44:67:52":14,"s:67:58:67:80":26,"s:69:8:72:Infinity":27,"f:71:33:71:41":15,"s:71:47:71:69":28,"f:77:17:77:23":16,"s:78:4:78:Infinity":29,"s:79:4:79:Infinity":30,"s:80:4:80:Infinity":31,"s:81:4:106:Infinity":32,"s:82:6:96:Infinity":33,"b:86:20:86:29:86:29:86:Infinity":5,"f:87:27:87:32":17,"s:87:42:94:12":34,"b:93:43:93:70:93:70:93:71":6,"s:97:6:97:Infinity":35,"s:98:6:98:Infinity":36,"s:99:6:99:Infinity":37,"s:100:6:100:Infinity":38,"s:101:6:101:Infinity":39,"s:103:6:103:Infinity":40,"b:103:40:103:54:103:54:103:86":7,"s:105:6:105:Infinity":41,"b:109:2:109:Infinity:undefined:undefined:undefined:undefined":8,"s:109:2:109:Infinity":42,"b:109:6:109:16:109:16:109:23":9,"s:109:23:109:Infinity":43,"s:111:2:323:Infinity":44,"f:124:61:124:76":18,"s:124:76:124:Infinity":45,"f:124:76:124:88":19,"s:124:94:124:96":46,"b:125:23:125:34:125:34:125:Infinity":10,"b:130:7:130:Infinity:131:8:133:Infinity":11,"b:136:7:136:Infinity:137:8:291:Infinity":12,"f:146:12:146:23":20,"s:146:29:146:Infinity":47,"f:153:12:153:23":21,"s:153:29:153:Infinity":48,"f:156:19:156:24":22,"s:157:29:159:Infinity":49,"b:157:50:157:72:157:72:157:74":13,"f:157:74:157:78":23,"s:158:14:158:Infinity":50,"s:160:31:160:Infinity":51,"b:160:31:160:62:160:62:160:Infinity":14,"s:162:12:275:Infinity":52,"f:173:20:173:31":24,"s:173:37:173:Infinity":53,"f:183:20:183:31":25,"s:183:37:183:Infinity":54,"f:193:20:193:31":26,"s:193:37:193:Infinity":55,"f:202:18:202:29":27,"s:202:35:202:Infinity":56,"b:205:62:205:85:205:85:205:89":15,"b:206:35:206:110:206:110:206:119":16,"b:206:62:206:93:206:93:206:94":17,"f:208:26:208:Infinity":28,"s:209:34:209:Infinity":57,"b:209:34:209:65:209:65:209:Infinity":18,"s:210:35:210:Infinity":58,"s:211:45:211:Infinity":59,"s:212:35:212:Infinity":60,"s:213:20:216:Infinity":61,"s:214:22:214:Infinity":62,"s:215:22:215:Infinity":63,"s:217:20:217:Infinity":64,"s:218:20:218:Infinity":65,"f:218:34:218:42":29,"s:218:48:218:53":66,"b:226:21:226:49:226:49:226:Infinity":19,"f:234:45:234:50":30,"s:235:22:237:Infinity":67,"f:242:30:242:35":31,"s:243:22:271:Infinity":68,"f:245:57:245:61":32,"s:246:41:246:Infinity":69,"s:247:42:247:Infinity":70,"f:247:56:247:62":33,"s:247:68:247:90":71,"s:248:26:268:Infinity":72,"b:253:42:253:75:253:75:253:Infinity":20,"b:255:47:255:78:255:78:255:Infinity":21,"f:256:30:256:45":34,"s:257:46:257:Infinity":73,"s:258:46:258:Infinity":74,"b:258:56:258:86:258:86:258:Infinity":22,"s:259:48:259:Infinity":75,"b:260:32:264:Infinity:262:39:264:Infinity":23,"s:260:32:264:Infinity":76,"s:261:34:261:Infinity":77,"s:263:34:263:Infinity":78,"b:267:41:267:71:267:71:267:Infinity":24,"f:283:14:283:29":35,"s:283:29:283:Infinity":79,"b:288:26:288:40:288:40:288:Infinity":25,"b:295:8:302:9:302:8:321:Infinity":26,"b:294:7:294:16:294:16:294:38:294:38:294:Infinity":27,"f:303:18:303:23":36,"s:304:12:319:Infinity":80,"b:307:17:307:Infinity:308:18:310:Infinity":28,"f:314:29:314:34":37,"s:314:41:314:84":81,"b:315:19:315:Infinity:316:20:316:Infinity":29,"f:315:29:315:35":38,"s:315:42:315:69":82,"f:316:36:316:44":39,"s:316:54:316:83":83},"fnNames":{}}}
,"C:\\Users\\paulo\\Documents\\Desafio Verzel\\web\\src\\pages\\Sessao.tsx": {"path":"C:\\Users\\paulo\\Documents\\Desafio Verzel\\web\\src\\pages\\Sessao.tsx","statementMap":{"0":{"start":{"line":13,"column":23},"end":{"line":13,"column":null}},"1":{"start":{"line":16,"column":22},"end":{"line":16,"column":32}},"2":{"start":{"line":17,"column":19},"end":{"line":17,"column":31}},"3":{"start":{"line":18,"column":19},"end":{"line":18,"column":27}},"4":{"start":{"line":20,"column":30},"end":{"line":20,"column":null}},"5":{"start":{"line":21,"column":26},"end":{"line":21,"column":null}},"6":{"start":{"line":22,"column":38},"end":{"line":22,"column":null}},"7":{"start":{"line":23,"column":38},"end":{"line":23,"column":null}},"8":{"start":{"line":24,"column":26},"end":{"line":24,"column":null}},"9":{"start":{"line":25,"column":34},"end":{"line":25,"column":null}},"10":{"start":{"line":27,"column":2},"end":{"line":40,"column":null}},"11":{"start":{"line":28,"column":4},"end":{"line":28,"column":null}},"12":{"start":{"line":29,"column":4},"end":{"line":39,"column":null}},"13":{"start":{"line":34,"column":8},"end":{"line":34,"column":null}},"14":{"start":{"line":35,"column":8},"end":{"line":35,"column":null}},"15":{"start":{"line":36,"column":8},"end":{"line":36,"column":null}},"16":{"start":{"line":38,"column":20},"end":{"line":38,"column":38}},"17":{"start":{"line":39,"column":21},"end":{"line":39,"column":41}},"18":{"start":{"line":43,"column":4},"end":{"line":50,"column":null}},"19":{"start":{"line":44,"column":20},"end":{"line":44,"column":null}},"20":{"start":{"line":44,"column":38},"end":{"line":44,"column":88}},"21":{"start":{"line":45,"column":6},"end":{"line":47,"column":null}},"22":{"start":{"line":46,"column":8},"end":{"line":46,"column":null}},"23":{"start":{"line":46,"column":35},"end":{"line":46,"column":88}},"24":{"start":{"line":48,"column":6},"end":{"line":48,"column":null}},"25":{"start":{"line":48,"column":42},"end":{"line":48,"column":null}},"26":{"start":{"line":49,"column":6},"end":{"line":49,"column":null}},"27":{"start":{"line":55,"column":4},"end":{"line":58,"column":null}},"28":{"start":{"line":56,"column":6},"end":{"line":56,"column":null}},"29":{"start":{"line":57,"column":6},"end":{"line":57,"column":null}},"30":{"start":{"line":60,"column":4},"end":{"line":60,"column":null}},"31":{"start":{"line":61,"column":4},"end":{"line":61,"column":null}},"32":{"start":{"line":62,"column":4},"end":{"line":81,"column":null}},"33":{"start":{"line":63,"column":21},"end":{"line":69,"column":null}},"34":{"start":{"line":67,"column":40},"end":{"line":67,"column":85}},"35":{"start":{"line":70,"column":6},"end":{"line":70,"column":null}},"36":{"start":{"line":72,"column":6},"end":{"line":72,"column":null}},"37":{"start":{"line":75,"column":6},"end":{"line":78,"column":null}},"38":{"start":{"line":76,"column":8},"end":{"line":76,"column":null}},"39":{"start":{"line":77,"column":8},"end":{"line":77,"column":null}},"40":{"start":{"line":80,"column":6},"end":{"line":80,"column":null}},"41":{"start":{"line":84,"column":2},"end":{"line":84,"column":null}},"42":{"start":{"line":84,"column":18},"end":{"line":84,"column":null}},"43":{"start":{"line":86,"column":2},"end":{"line":96,"column":null}},"44":{"start":{"line":87,"column":4},"end":{"line":94,"column":null}},"45":{"start":{"line":98,"column":16},"end":{"line":98,"column":null}},"46":{"start":{"line":98,"column":47},"end":{"line":98,"column":68}},"47":{"start":{"line":100,"column":2},"end":{"line":177,"column":null}},"48":{"start":{"line":160,"column":37},"end":{"line":160,"column":43}}},"fnMap":{"0":{"name":"Sessao","decl":{"start":{"line":15,"column":16},"end":{"line":15,"column":25}},"loc":{"start":{"line":15,"column":25},"end":{"line":179,"column":null}},"line":15},"1":{"name":"(anonymous_1)","decl":{"start":{"line":27,"column":2},"end":{"line":27,"column":18}},"loc":{"start":{"line":27,"column":18},"end":{"line":40,"column":5}},"line":27},"2":{"name":"(anonymous_2)","decl":{"start":{"line":33,"column":7},"end":{"line":33,"column":13}},"loc":{"start":{"line":33,"column":24},"end":{"line":37,"column":7}},"line":33},"3":{"name":"(anonymous_3)","decl":{"start":{"line":38,"column":7},"end":{"line":38,"column":14}},"loc":{"start":{"line":38,"column":20},"end":{"line":38,"column":38}},"line":38},"4":{"name":"(anonymous_4)","decl":{"start":{"line":39,"column":7},"end":{"line":39,"column":21}},"loc":{"start":{"line":39,"column":21},"end":{"line":39,"column":41}},"line":39},"5":{"name":"alternar","decl":{"start":{"line":42,"column":11},"end":{"line":42,"column":20}},"loc":{"start":{"line":42,"column":53},"end":{"line":51,"column":null}},"line":42},"6":{"name":"(anonymous_6)","decl":{"start":{"line":43,"column":4},"end":{"line":43,"column":19}},"loc":{"start":{"line":43,"column":29},"end":{"line":50,"column":5}},"line":43},"7":{"name":"(anonymous_7)","decl":{"start":{"line":44,"column":26},"end":{"line":44,"column":32}},"loc":{"start":{"line":44,"column":38},"end":{"line":44,"column":88}},"line":44},"8":{"name":"(anonymous_8)","decl":{"start":{"line":46,"column":21},"end":{"line":46,"column":29}},"loc":{"start":{"line":46,"column":35},"end":{"line":46,"column":88}},"line":46},"9":{"name":"reservar","decl":{"start":{"line":53,"column":17},"end":{"line":53,"column":28}},"loc":{"start":{"line":53,"column":28},"end":{"line":82,"column":null}},"line":53},"10":{"name":"(anonymous_10)","decl":{"start":{"line":67,"column":28},"end":{"line":67,"column":33}},"loc":{"start":{"line":67,"column":40},"end":{"line":67,"column":85}},"line":67},"11":{"name":"(anonymous_11)","decl":{"start":{"line":76,"column":81},"end":{"line":76,"column":93}},"loc":{"start":{"line":76,"column":93},"end":{"line":76,"column":95}},"line":76},"12":{"name":"(anonymous_12)","decl":{"start":{"line":98,"column":27},"end":{"line":98,"column":35}},"loc":{"start":{"line":98,"column":47},"end":{"line":98,"column":68}},"line":98},"13":{"name":"(anonymous_13)","decl":{"start":{"line":160,"column":26},"end":{"line":160,"column":31}},"loc":{"start":{"line":160,"column":37},"end":{"line":160,"column":43}},"line":160}},"branchMap":{"0":{"loc":{"start":{"line":16,"column":10},"end":{"line":16,"column":22}},"type":"default-arg","locations":[{"start":{"line":16,"column":15},"end":{"line":16,"column":22}}],"line":16},"1":{"loc":{"start":{"line":44,"column":38},"end":{"line":44,"column":88}},"type":"binary-expr","locations":[{"start":{"line":44,"column":38},"end":{"line":44,"column":65}},{"start":{"line":44,"column":65},"end":{"line":44,"column":88}}],"line":44},"2":{"loc":{"start":{"line":45,"column":6},"end":{"line":47,"column":null}},"type":"if","locations":[{"start":{"line":45,"column":6},"end":{"line":47,"column":null}},{"start":{},"end":{}}],"line":45},"3":{"loc":{"start":{"line":46,"column":37},"end":{"line":46,"column":88}},"type":"binary-expr","locations":[{"start":{"line":46,"column":37},"end":{"line":46,"column":64}},{"start":{"line":46,"column":64},"end":{"line":46,"column":88}}],"line":46},"4":{"loc":{"start":{"line":48,"column":6},"end":{"line":48,"column":null}},"type":"if","locations":[{"start":{"line":48,"column":6},"end":{"line":48,"column":null}},{"start":{},"end":{}}],"line":48},"5":{"loc":{"start":{"line":55,"column":4},"end":{"line":58,"column":null}},"type":"if","locations":[{"start":{"line":55,"column":4},"end":{"line":58,"column":null}},{"start":{},"end":{}}],"line":55},"6":{"loc":{"start":{"line":72,"column":14},"end":{"line":72,"column":78}},"type":"cond-expr","locations":[{"start":{"line":72,"column":38},"end":{"line":72,"column":50}},{"start":{"line":72,"column":50},"end":{"line":72,"column":78}}],"line":72},"7":{"loc":{"start":{"line":75,"column":6},"end":{"line":78,"column":null}},"type":"if","locations":[{"start":{"line":75,"column":6},"end":{"line":78,"column":null}},{"start":{},"end":{}}],"line":75},"8":{"loc":{"start":{"line":75,"column":10},"end":{"line":75,"column":53}},"type":"binary-expr","locations":[{"start":{"line":75,"column":10},"end":{"line":75,"column":35}},{"start":{"line":75,"column":35},"end":{"line":75,"column":53}}],"line":75},"9":{"loc":{"start":{"line":84,"column":2},"end":{"line":84,"column":null}},"type":"if","locations":[{"start":{"line":84,"column":2},"end":{"line":84,"column":null}},{"start":{},"end":{}}],"line":84},"10":{"loc":{"start":{"line":86,"column":2},"end":{"line":96,"column":null}},"type":"if","locations":[{"start":{"line":86,"column":2},"end":{"line":96,"column":null}},{"start":{},"end":{}}],"line":86},"11":{"loc":{"start":{"line":86,"column":6},"end":{"line":86,"column":24}},"type":"binary-expr","locations":[{"start":{"line":86,"column":6},"end":{"line":86,"column":17}},{"start":{"line":86,"column":17},"end":{"line":86,"column":24}}],"line":86},"12":{"loc":{"start":{"line":90,"column":30},"end":{"line":90,"column":87}},"type":"binary-expr","locations":[{"start":{"line":90,"column":30},"end":{"line":90,"column":38}},{"start":{"line":90,"column":38},"end":{"line":90,"column":87}}],"line":90},"13":{"loc":{"start":{"line":103,"column":9},"end":{"line":107,"column":9}},"type":"binary-expr","locations":[{"start":{"line":103,"column":9},"end":{"line":103,"column":null}},{"start":{"line":104,"column":10},"end":{"line":107,"column":9}}],"line":103},"14":{"loc":{"start":{"line":124,"column":13},"end":{"line":124,"column":null}},"type":"binary-expr","locations":[{"start":{"line":124,"column":13},"end":{"line":124,"column":37}},{"start":{"line":124,"column":37},"end":{"line":124,"column":null}}],"line":124},"15":{"loc":{"start":{"line":127,"column":11},"end":{"line":130,"column":null}},"type":"binary-expr","locations":[{"start":{"line":127,"column":11},"end":{"line":127,"column":null}},{"start":{"line":128,"column":12},"end":{"line":130,"column":null}}],"line":127},"16":{"loc":{"start":{"line":139,"column":7},"end":{"line":142,"column":null}},"type":"binary-expr","locations":[{"start":{"line":139,"column":7},"end":{"line":139,"column":null}},{"start":{"line":140,"column":8},"end":{"line":142,"column":null}}],"line":139},"17":{"loc":{"start":{"line":155,"column":7},"end":{"line":175,"column":null}},"type":"binary-expr","locations":[{"start":{"line":155,"column":7},"end":{"line":155,"column":null}},{"start":{"line":156,"column":8},"end":{"line":175,"column":null}}],"line":155},"18":{"loc":{"start":{"line":159,"column":35},"end":{"line":159,"column":81}},"type":"cond-expr","locations":[{"start":{"line":159,"column":61},"end":{"line":159,"column":71}},{"start":{"line":159,"column":71},"end":{"line":159,"column":81}}],"line":159},"19":{"loc":{"start":{"line":173,"column":13},"end":{"line":173,"column":null}},"type":"cond-expr","locations":[{"start":{"line":173,"column":24},"end":{"line":173,"column":40}},{"start":{"line":173,"column":40},"end":{"line":173,"column":null}}],"line":173},"20":{"loc":{"start":{"line":173,"column":40},"end":{"line":173,"column":null}},"type":"cond-expr","locations":[{"start":{"line":173,"column":47},"end":{"line":173,"column":61}},{"start":{"line":173,"column":61},"end":{"line":173,"column":null}}],"line":173}},"s":{"0":0,"1":0,"2":0,"3":0,"4":0,"5":0,"6":0,"7":0,"8":0,"9":0,"10":0,"11":0,"12":0,"13":0,"14":0,"15":0,"16":0,"17":0,"18":0,"19":0,"20":0,"21":0,"22":0,"23":0,"24":0,"25":0,"26":0,"27":0,"28":0,"29":0,"30":0,"31":0,"32":0,"33":0,"34":0,"35":0,"36":0,"37":0,"38":0,"39":0,"40":0,"41":0,"42":0,"43":0,"44":0,"45":0,"46":0,"47":0,"48":0},"f":{"0":0,"1":0,"2":0,"3":0,"4":0,"5":0,"6":0,"7":0,"8":0,"9":0,"10":0,"11":0,"12":0,"13":0},"b":{"0":[0],"1":[0,0],"2":[0,0],"3":[0,0],"4":[0,0],"5":[0,0],"6":[0,0],"7":[0,0],"8":[0,0],"9":[0,0],"10":[0,0],"11":[0,0],"12":[0,0],"13":[0,0],"14":[0,0],"15":[0,0],"16":[0,0],"17":[0,0],"18":[0,0],"19":[0,0],"20":[0,0]},"meta":{"lastBranch":21,"lastFunction":14,"lastStatement":49,"seen":{"s:13:23:13:Infinity":0,"f:15:16:15:25":0,"s:16:22:16:32":1,"b:16:15:16:22":0,"s:17:19:17:31":2,"s:18:19:18:27":3,"s:20:30:20:Infinity":4,"s:21:26:21:Infinity":5,"s:22:38:22:Infinity":6,"s:23:38:23:Infinity":7,"s:24:26:24:Infinity":8,"s:25:34:25:Infinity":9,"s:27:2:40:Infinity":10,"f:27:2:27:18":1,"s:28:4:28:Infinity":11,"s:29:4:39:Infinity":12,"f:33:7:33:13":2,"s:34:8:34:Infinity":13,"s:35:8:35:Infinity":14,"s:36:8:36:Infinity":15,"f:38:7:38:14":3,"s:38:20:38:38":16,"f:39:7:39:21":4,"s:39:21:39:41":17,"f:42:11:42:20":5,"s:43:4:50:Infinity":18,"f:43:4:43:19":6,"s:44:20:44:Infinity":19,"f:44:26:44:32":7,"s:44:38:44:88":20,"b:44:38:44:65:44:65:44:88":1,"b:45:6:47:Infinity:undefined:undefined:undefined:undefined":2,"s:45:6:47:Infinity":21,"s:46:8:46:Infinity":22,"f:46:21:46:29":8,"s:46:35:46:88":23,"b:46:37:46:64:46:64:46:88":3,"b:48:6:48:Infinity:undefined:undefined:undefined:undefined":4,"s:48:6:48:Infinity":24,"s:48:42:48:Infinity":25,"s:49:6:49:Infinity":26,"f:53:17:53:28":9,"b:55:4:58:Infinity:undefined:undefined:undefined:undefined":5,"s:55:4:58:Infinity":27,"s:56:6:56:Infinity":28,"s:57:6:57:Infinity":29,"s:60:4:60:Infinity":30,"s:61:4:61:Infinity":31,"s:62:4:81:Infinity":32,"s:63:21:69:Infinity":33,"f:67:28:67:33":10,"s:67:40:67:85":34,"s:70:6:70:Infinity":35,"s:72:6:72:Infinity":36,"b:72:38:72:50:72:50:72:78":6,"b:75:6:78:Infinity:undefined:undefined:undefined:undefined":7,"s:75:6:78:Infinity":37,"b:75:10:75:35:75:35:75:53":8,"s:76:8:76:Infinity":38,"f:76:81:76:93":11,"s:77:8:77:Infinity":39,"s:80:6:80:Infinity":40,"b:84:2:84:Infinity:undefined:undefined:undefined:undefined":9,"s:84:2:84:Infinity":41,"s:84:18:84:Infinity":42,"b:86:2:96:Infinity:undefined:undefined:undefined:undefined":10,"s:86:2:96:Infinity":43,"b:86:6:86:17:86:17:86:24":11,"s:87:4:94:Infinity":44,"b:90:30:90:38:90:38:90:87":12,"s:98:16:98:Infinity":45,"f:98:27:98:35":12,"s:98:47:98:68":46,"s:100:2:177:Infinity":47,"b:103:9:103:Infinity:104:10:107:9":13,"b:124:13:124:37:124:37:124:Infinity":14,"b:127:11:127:Infinity:128:12:130:Infinity":15,"b:139:7:139:Infinity:140:8:142:Infinity":16,"b:155:7:155:Infinity:156:8:175:Infinity":17,"b:159:61:159:71:159:71:159:81":18,"f:160:26:160:31":13,"s:160:37:160:43":48,"b:173:24:173:40:173:40:173:Infinity":19,"b:173:47:173:61:173:61:173:Infinity":20},"fnNames":{}}}
}
